[2016.01.13-01.52.25:071][  0]Log file open, 01/13/16 10:52:25
[2016.01.13-01.52.25:071][  0]LogInit:Display: Running engine for game: Project
[2016.01.13-01.52.25:071][  0]LogPlatformFile: Not using cached read wrapper
[2016.01.13-01.52.25:071][  0]LogInit:Display: RandInit(301226857) SRandInit(301226859).
[2016.01.13-01.52.25:071][  0]LogTaskGraph: Started task graph with 4 named threads and 7 total threads.
[2016.01.13-01.52.25:071][  0]LogStats: Stats thread started at 0.082648
[2016.01.13-01.52.25:071][  0]LogInit: Version: 4.10.2-2818068+++depot+UE4-Releases+4.10
[2016.01.13-01.52.25:071][  0]LogInit: API Version: 2758231
[2016.01.13-01.52.25:071][  0]LogInit: Compiled (64-bit): Jan  6 2016 17:36:42
[2016.01.13-01.52.25:071][  0]LogInit: Compiled with Visual C++: 19.00.23026.00
[2016.01.13-01.52.25:072][  0]LogInit: Build Configuration: Development
[2016.01.13-01.52.25:072][  0]LogInit: Branch Name: ++depot+UE4-Releases+4.10
[2016.01.13-01.52.25:072][  0]LogInit: Command line:  
[2016.01.13-01.52.25:072][  0]LogInit: Base directory: F:/Epic Games/4.10/Engine/Binaries/Win64/
[2016.01.13-01.52.25:072][  0]LogInit: Rocket: 1
[2016.01.13-01.52.25:082][  0]LogInit: Using libcurl 7.41.0
[2016.01.13-01.52.25:082][  0]LogInit:  - built for x86_64-pc-win32
[2016.01.13-01.52.25:082][  0]LogInit:  - supports SSL with WinSSL
[2016.01.13-01.52.25:082][  0]LogInit:  - other features:
[2016.01.13-01.52.25:082][  0]LogInit:      CURL_VERSION_SSL
[2016.01.13-01.52.25:082][  0]LogInit:      CURL_VERSION_IPV6
[2016.01.13-01.52.25:082][  0]LogInit:      CURL_VERSION_ASYNCHDNS
[2016.01.13-01.52.25:082][  0]LogInit:      CURL_VERSION_LARGEFILE
[2016.01.13-01.52.25:082][  0]LogInit:      CURL_VERSION_IDN
[2016.01.13-01.52.25:082][  0]LogInit:  CurlRequestOptions (configurable via config and command line):
[2016.01.13-01.52.25:082][  0]LogInit:  - bVerifyPeer = true  - Libcurl will verify peer certificate
[2016.01.13-01.52.25:082][  0]LogInit:  - bUseHttpProxy = false  - Libcurl will NOT use HTTP proxy
[2016.01.13-01.52.25:082][  0]LogInit:  - bDontReuseConnections = false  - Libcurl will reuse connections
[2016.01.13-01.52.25:082][  0]LogInit:  - CertBundlePath = nullptr  - Libcurl will use whatever was configured at build time.
[2016.01.13-01.52.25:098][  0]LogInit: Presizing for 0 objects not considered by GC, pre-allocating 0 bytes.
[2016.01.13-01.52.25:105][  0]LogInit: Object subsystem initialized
[2016.01.13-01.52.25:106][  0]LogInit: Selected Device Profile: [Windows]
[2016.01.13-01.52.25:106][  0]LogInit: Applying CVar settings loaded from the selected device profile: [Windows]
[2016.01.13-01.52.25:137][  0]LogInit: Computer: SGH-PC
[2016.01.13-01.52.25:137][  0]LogInit: User: SGH
[2016.01.13-01.52.25:137][  0]LogInit: CPU Page size=4096, Cores=4
[2016.01.13-01.52.25:137][  0]LogInit: High frequency timer resolution =3.215390 MHz
[2016.01.13-01.52.25:137][  0]LogMemory: Memory total: Physical=8.0GB (8GB approx)
[2016.01.13-01.52.25:137][  0]LogMemory: Platform Memory Stats for Windows
[2016.01.13-01.52.25:137][  0]LogMemory: Process Physical Memory: 63.48 MB used, 63.48 MB peak
[2016.01.13-01.52.25:137][  0]LogMemory: Process Virtual Memory: 60.02 MB used, 60.02 MB peak
[2016.01.13-01.52.25:137][  0]LogMemory: Physical Memory: 3898.82 MB used, 8174.71 MB total
[2016.01.13-01.52.25:137][  0]LogMemory: Virtual Memory: 382.43 MB used, 8388608.00 MB total
[2016.01.13-01.52.25:239][  0]LogTextLocalizationManager: No specific translations for ('ko-KR') exist, so ('ko') translations will be used.
[2016.01.13-01.52.25:273][  0]LogTextLocalizationManager:Warning: Loaded localization resources contain conflicting entries for (Namespace:UObjectToolTips, Key:AnimNode_AssetPlayerBase:InternalTimeAccumulator):
Localization Resource: (F:/Epic Games/4.10/Engine/Content/Localization/EditorTutorials/ko/EditorTutorials.locres) Source String Hash: (502993589) Localized String: (이 노드에서 애셋을 레퍼런싱하는 데 사용되는 누적 시간입니다.)
Localization Resource: (F:/Epic Games/4.10/Engine/Content/Localization/Engine/ko/Engine.locres) Source String Hash: (502993589) Localized String: (이 노드에서 애셋을 레퍼런싱하는 데 사용된 누적 시간입니다.)
[2016.01.13-01.52.25:273][  0]LogTextLocalizationManager:Warning: Loaded localization resources contain conflicting entries for (Namespace:UObjectToolTips, Key:AnimNode_AssetPlayerBase:bIgnoreForRelevancyTest):
Localization Resource: (F:/Epic Games/4.10/Engine/Content/Localization/EditorTutorials/ko/EditorTutorials.locres) Source String Hash: (319969718) Localized String: (True 면, 스테이트에서 최고 가중치 애니메이션을 찾는 "Relevant anim" 노드는 이 노드를 무시합니다.
 )
Localization Resource: (F:/Epic Games/4.10/Engine/Content/Localization/Engine/ko/Engine.locres) Source String Hash: (319969718) Localized String: (True 면 스테이트 내 최고 웨이팅된 애니메이션을 찾는 "Relevant anim" 노드가 무시됩니다.
 )
[2016.01.13-01.52.25:273][  0]LogTextLocalizationManager:Warning: Loaded localization resources contain conflicting entries for (Namespace:UObjectToolTips, Key:AnimNode_AssetPlayerBase:BlendWeight):
Localization Resource: (F:/Epic Games/4.10/Engine/Content/Localization/EditorTutorials/ko/EditorTutorials.locres) Source String Hash: (-1232800293) Localized String: (이 노드에 마지막 걸린 블렌드웨이트 입니다.)
Localization Resource: (F:/Epic Games/4.10/Engine/Content/Localization/Engine/ko/Engine.locres) Source String Hash: (-1232800293) Localized String: (이 노드에 대해 마지막 접한 블렌드 웨이트)
[2016.01.13-01.52.25:441][  0]LogD3D11RHI: Found D3D11 adapter 0: NVIDIA GeForce GTX 660 Ti (Feature Level 11_0)
[2016.01.13-01.52.25:441][  0]LogD3D11RHI: Adapter has 1989MB of dedicated video memory, 0MB of dedicated system memory, and 2048MB of shared system memory, 2 output[s]
[2016.01.13-01.52.25:441][  0]LogD3D11RHI: Chosen D3D11 Adapter Id = 0
[2016.01.13-01.52.25:446][  0]LogD3D11RHI: !Direct3DDevice
[2016.01.13-01.52.25:446][  0]LogRHI: Texture pool is 1361 MB (70% of 1945 MB)
[2016.01.13-01.52.25:457][  0]LogD3D11RHI: Async texture creation enabled
[2016.01.13-01.52.25:471][  0]LogShaderCompilers: Guid format shader working directory is 5 characters bigger than the processId version (../../../../../실무/Hero/Project (1) 4.10/Intermediate/Shaders/WorkingDirectory/5672/).
[2016.01.13-01.52.25:471][  0]LogShaderCompilers: Cleaned the shader compiler working directory 'C:/Users/SGH/AppData/Local/Temp/UnrealShaderWorkingDir/3DD5D9E146ED73EF0AE1BB891EA57FEB/'.
[2016.01.13-01.52.25:471][  0]LogShaderCompilers:Display: Using Local Shader Compiler.
[2016.01.13-01.52.26:402][  0]LogTemp:Display: Loaded TP AllDesktopTargetPlatform
[2016.01.13-01.52.26:406][  0]LogTemp:Display: Loaded TP WindowsClientTargetPlatform
[2016.01.13-01.52.26:411][  0]LogTemp:Display: Loaded TP WindowsNoEditorTargetPlatform
[2016.01.13-01.52.26:416][  0]LogTemp:Display: Loaded TP WindowsServerTargetPlatform
[2016.01.13-01.52.26:420][  0]LogTemp:Display: Loaded TP WindowsTargetPlatform
[2016.01.13-01.52.26:424][  0]LogTemp:Display: Loaded TP AndroidTargetPlatform
[2016.01.13-01.52.26:427][  0]LogTemp:Display: Loaded TP Android_ASTCTargetPlatform
[2016.01.13-01.52.26:430][  0]LogTemp:Display: Loaded TP Android_ATCTargetPlatform
[2016.01.13-01.52.26:433][  0]LogTemp:Display: Loaded TP Android_DXTTargetPlatform
[2016.01.13-01.52.26:436][  0]LogTemp:Display: Loaded TP Android_ETC1TargetPlatform
[2016.01.13-01.52.26:439][  0]LogTemp:Display: Loaded TP Android_ETC2TargetPlatform
[2016.01.13-01.52.26:446][  0]LogTemp:Display: Loaded TP Android_MultiTargetPlatform
[2016.01.13-01.52.26:446][  0]LogTemp:Display: Loaded TP Android_PVRTCTargetPlatform
[2016.01.13-01.52.26:447][  0]LogTemp:Display: Loaded TP HTML5TargetPlatform
[2016.01.13-01.52.26:468][  0]LogTemp:Display: Loaded TP IOSTargetPlatform
[2016.01.13-01.52.26:470][  0]LogTemp:Display: Loaded TP LinuxNoEditorTargetPlatform
[2016.01.13-01.52.26:473][  0]LogTemp:Display: Loaded TP LinuxServerTargetPlatform
[2016.01.13-01.52.26:476][  0]LogTemp:Display: Loaded TP LinuxTargetPlatform
[2016.01.13-01.52.26:476][  0]LogTargetPlatformManager:Display: Building Assets For Windows
[2016.01.13-01.52.26:614][  0]LogDerivedDataCache:Display: Max Cache Size: 512 MB
[2016.01.13-01.52.26:684][  0]LogDerivedDataCache: Loaded boot cache 0.07s 55MB C:/Users/SGH/AppData/Local/UnrealEngine/4.10/DerivedDataCache/Boot.ddc.
[2016.01.13-01.52.26:684][  0]LogDerivedDataCache:Display: Loaded Boot cache: C:/Users/SGH/AppData/Local/UnrealEngine/4.10/DerivedDataCache/Boot.ddc
[2016.01.13-01.52.26:684][  0]LogDerivedDataCache: FDerivedDataBackendGraph:  Pak pak cache file ../../../../../실무/Hero/Project (1) 4.10/DerivedDataCache/DDC.ddp not found, will not use a pak cache.
[2016.01.13-01.52.26:684][  0]LogDerivedDataCache: Unable to find inner node Pak for hierarchical cache Hierarchy.
[2016.01.13-01.52.26:684][  0]LogDerivedDataCache: FDerivedDataBackendGraph:  CompressedPak pak cache file ../../../../../실무/Hero/Project (1) 4.10/DerivedDataCache/Compressed.ddp not found, will not use a pak cache.
[2016.01.13-01.52.26:684][  0]LogDerivedDataCache: Unable to find inner node CompressedPak for hierarchical cache Hierarchy.
[2016.01.13-01.52.26:745][  0]LogDerivedDataCache:Display: Pak cache opened for reading ../../../Engine/DerivedDataCache/Compressed.ddp.
[2016.01.13-01.52.26:758][  0]LogDerivedDataCache: Using Local data cache path C:/Users/SGH/AppData/Local/UnrealEngine/Common/DerivedDataCache: Writable
[2016.01.13-01.52.27:524][  0]LogInit: Selected Device Profile: [Windows]
[2016.01.13-01.52.27:524][  0]LogContentStreaming: Texture pool size is 0.000000MB
[2016.01.13-01.52.27:565][  0]LogMeshUtilities: No automatic mesh reduction module available
[2016.01.13-01.52.27:565][  0]LogMeshUtilities: No automatic mesh merging module available
[2016.01.13-01.52.27:956][  0]LogInit: WinSock: version 1.1 (2.2), MaxSocks=32767, MaxUdp=65467
[2016.01.13-01.52.29:173][  0]UdpMessaging: Initializing bridge on interface 0.0.0.0:0 to multicast group 230.0.0.1:6666.
[2016.01.13-01.52.29:299][  0]LogAssetRegistry: FAssetRegistry took 0.0101 seconds to start up
[2016.01.13-01.52.29:489][  0]SourceControl: 정보 소스 콘트롤이 꺼졌습니다.
[2016.01.13-01.52.29:490][  0]SourceControl: 정보 소스 콘트롤이 꺼졌습니다.
[2016.01.13-01.52.29:502][  0]SourceControl: 정보 소스 콘트롤이 꺼졌습니다.
[2016.01.13-01.52.29:515][  0]SourceControl: 정보 소스 콘트롤이 꺼졌습니다.
[2016.01.13-01.52.29:801][  0]LogObj: 28637 objects as part of root set at end of initial load.
[2016.01.13-01.52.29:801][  0]LogUObjectAllocator: 6103176 out of 0 bytes used by permanent object pool.
[2016.01.13-01.52.29:862][  0]LogEngine: Initializing Engine...
[2016.01.13-01.52.29:864][  0]LogHMD: Can't find Oculus library dev build: is proper Runtime installed? Version: 0.8.0.0
[2016.01.13-01.52.29:867][  0]LogHMD: SteamVR failed to initialize.  Err: 110
[2016.01.13-01.52.30:015][  0]LogAIModule: Creating AISystem for world NewWorld
[2016.01.13-01.52.30:030][  0]LogInit: XAudio2 using '스피커(Realtek High Definition Audio)' : 2 channels at 48 kHz using 32 bits per sample (channel mask 0x3)
[2016.01.13-01.52.30:045][  0]LogInit: FAudioDevice initialized.
[2016.01.13-01.52.30:077][  0]LogDerivedDataCache: Saved boot cache 0.03s 41MB C:/Users/SGH/AppData/Local/UnrealEngine/4.10/DerivedDataCache/Boot.ddc.
[2016.01.13-01.52.30:089][  0]LogInit: Texture streaming: Enabled
[2016.01.13-01.52.30:094][  0]LogAnalytics: Creating configured Analytics provider AnalyticsET
[2016.01.13-01.52.30:094][  0]LogAnalytics: [UEEditor.Rocket.Release] APIServer = http://et2.epicgames.com/ET2/. AppVersion = 4.10.2-2818068+++depot+UE4-Releases+4.10
[2016.01.13-01.52.30:094][  0]LogAnalytics: [UEEditor.Rocket.Release] SetUserId c116ab95452d6c0e6a5d46a2885b9fb5|1ee373e9bedc4d7e9c76f780c6814fe5|3c1af846-1ffe-4ccd-87ea-0d3770034fd8
[2016.01.13-01.52.30:095][  0]LogAnalytics: [UEEditor.Rocket.Release] AnalyticsET::StartSession
[2016.01.13-01.52.30:104][  0]LogInit: Transaction tracking system initialized
[2016.01.13-01.52.30:134][  0]BlueprintLog: New page: 에디터 로드
[2016.01.13-01.52.30:225][  0]LocalizationService: 정보 현지화 서비스가 비활성화되었습니다.
[2016.01.13-01.52.30:310][  0]LogConsoleResponse:Display: 
[2016.01.13-01.52.30:419][  0]LogCook:Display: Done creating registry. It took  0.00s.
[2016.01.13-01.52.30:492][  0]SourceControl: 정보 소스 콘트롤이 꺼졌습니다.
[2016.01.13-01.52.30:492][  0]Cmd: MAP LOAD FILE="../../../../../실무/Hero/Project (1) 4.10/Content/Maps/NewMap.umap" TEMPLATE=0 SHOWPROGRESS=1 FEATURELEVEL=3
[2016.01.13-01.52.30:610][  0]LightingResults: New page: 라이팅 빌드
[2016.01.13-01.52.30:616][  0]MapCheck: New page: 맵 체크
[2016.01.13-01.52.30:616][  0]LightingResults: New page: 라이팅 빌드
[2016.01.13-01.52.30:628][  0]LogParticles: Destroying 0 GPU particle simulations for FXSystem 0x000000002146AAC0
[2016.01.13-01.52.30:767][  0]LogLinker:Warning: '/Game/LowPolySkeleton/Skeleton_Mage/Anims/AnimBP_Mage' 파일을 찾을 수 없습니다.
[2016.01.13-01.52.30:768][  0]LogLinker:Warning: ../../../../../실무/Hero/Project (1) 4.10/Content/AI/AI_Character.uasset 로드중 '/Game/LowPolySkeleton/Skeleton_Mage/Anims/AnimBP_Mage' 애셋에 대한 파일을 찾을 수 없습니다.
[2016.01.13-01.52.30:768][  0]LoadErrors:Error: 오류 /Game/AI/AI_Character : 애셋에 대한 파일을 찾을 수 없습니다. /Game/LowPolySkeleton/Skeleton_Mage/Anims/AnimBP_Mage
[2016.01.13-01.52.30:927][  0]LogLinker:Warning: '/Game/LowPolySkeleton/Skeleton_Mage/Anims/AnimBP_Mage' 파일을 찾을 수 없습니다.
[2016.01.13-01.52.30:928][  0]LogLinker:Warning: ../../../../../실무/Hero/Project (1) 4.10/Content/AI/AgroCheck.uasset 로드중 '/Game/LowPolySkeleton/Skeleton_Mage/Anims/AnimBP_Mage' 애셋에 대한 파일을 찾을 수 없습니다.
[2016.01.13-01.52.30:928][  0]LoadErrors:Error: 오류 /Game/AI/AgroCheck : 애셋에 대한 파일을 찾을 수 없습니다. /Game/LowPolySkeleton/Skeleton_Mage/Anims/AnimBP_Mage
[2016.01.13-01.52.30:936][  0]LogLinker:Warning: '/Game/LowPolySkeleton/Skeleton_Mage/Anims/AnimBP_Mage' 파일을 찾을 수 없습니다.
[2016.01.13-01.52.30:936][  0]LoadErrors: 정보 로드에 실패했습니다. /Game/AI/Follower_AI_CON.Follower_AI_CON_C 레퍼런싱한 것: CharacterMesh0
[2016.01.13-01.52.30:936][  0]LogLinker:Warning: ../../../../../실무/Hero/Project (1) 4.10/Content/AI/AgroCheck.uasset 로드중 '/Game/LowPolySkeleton/Skeleton_Mage/Anims/AnimBP_Mage' 애셋에 대한 파일을 찾을 수 없습니다.
[2016.01.13-01.52.30:936][  0]LoadErrors: 정보 로드에 실패했습니다. /Game/AI/Follower_AI_CON.Follower_AI_CON_C 레퍼런싱한 것: CharacterMesh0
[2016.01.13-01.52.30:936][  0]LoadErrors:Error: 오류 /Game/AI/AgroCheck : 애셋에 대한 파일을 찾을 수 없습니다. /Game/LowPolySkeleton/Skeleton_Mage/Anims/AnimBP_Mage
[2016.01.13-01.52.30:936][  0]LogLinker:Warning: '/Game/LowPolySkeleton/Skeleton_Mage/skeleton_mage' 파일을 찾을 수 없습니다.
[2016.01.13-01.52.30:936][  0]LoadErrors: 정보 로드에 실패했습니다. /Game/AI/Follower_AI_CON.Follower_AI_CON_C 레퍼런싱한 것: CharacterMesh0
[2016.01.13-01.52.30:936][  0]LogLinker:Warning: ../../../../../실무/Hero/Project (1) 4.10/Content/AI/AgroCheck.uasset 로드중 '/Game/LowPolySkeleton/Skeleton_Mage/skeleton_mage' 애셋에 대한 파일을 찾을 수 없습니다.
[2016.01.13-01.52.30:936][  0]LoadErrors: 정보 로드에 실패했습니다. /Game/AI/Follower_AI_CON.Follower_AI_CON_C 레퍼런싱한 것: CharacterMesh0
[2016.01.13-01.52.30:936][  0]LoadErrors:Error: 오류 /Game/AI/AgroCheck : 애셋에 대한 파일을 찾을 수 없습니다. /Game/LowPolySkeleton/Skeleton_Mage/skeleton_mage
[2016.01.13-01.52.31:226][  0]LogLinker:Warning: '/Game/LowPolySkeleton/Skeleton_Mage/Anims/AnimBP_Mage' 파일을 찾을 수 없습니다.
[2016.01.13-01.52.31:226][  0]LogLinker:Warning: ../../../../../실무/Hero/Project (1) 4.10/Content/AI/AgroCheck.uasset 로드중 '/Game/LowPolySkeleton/Skeleton_Mage/Anims/AnimBP_Mage' 애셋에 대한 파일을 찾을 수 없습니다.
[2016.01.13-01.52.31:226][  0]LoadErrors:Error: 오류 /Game/AI/AgroCheck : 애셋에 대한 파일을 찾을 수 없습니다. /Game/LowPolySkeleton/Skeleton_Mage/Anims/AnimBP_Mage
[2016.01.13-01.52.31:226][  0]LogLinker:Warning: '/Game/LowPolySkeleton/Skeleton_Mage/skeleton_mage' 파일을 찾을 수 없습니다.
[2016.01.13-01.52.31:226][  0]LogLinker:Warning: ../../../../../실무/Hero/Project (1) 4.10/Content/AI/AgroCheck.uasset 로드중 '/Game/LowPolySkeleton/Skeleton_Mage/skeleton_mage' 애셋에 대한 파일을 찾을 수 없습니다.
[2016.01.13-01.52.31:226][  0]LoadErrors:Error: 오류 /Game/AI/AgroCheck : 애셋에 대한 파일을 찾을 수 없습니다. /Game/LowPolySkeleton/Skeleton_Mage/skeleton_mage
[2016.01.13-01.52.31:227][  0]LogLinker:Warning: '/Game/LowPolySkeleton/Skeleton_Mage/skeleton_mage' 파일을 찾을 수 없습니다.
[2016.01.13-01.52.31:227][  0]LogLinker:Warning: ../../../../../실무/Hero/Project (1) 4.10/Content/AI/AgroCheck.uasset 로드중 '/Game/LowPolySkeleton/Skeleton_Mage/skeleton_mage' 애셋에 대한 파일을 찾을 수 없습니다.
[2016.01.13-01.52.31:227][  0]LoadErrors:Error: 오류 /Game/AI/AgroCheck : 애셋에 대한 파일을 찾을 수 없습니다. /Game/LowPolySkeleton/Skeleton_Mage/skeleton_mage
[2016.01.13-01.52.31:267][  0]LogLinker:Warning: '/Game/LowPolySkeleton/Skeleton_Mage/Anims/AnimBP_Mage' 파일을 찾을 수 없습니다.
[2016.01.13-01.52.31:267][  0]LogLinker:Warning: ../../../../../실무/Hero/Project (1) 4.10/Content/AI/AI_Character.uasset 로드중 '/Game/LowPolySkeleton/Skeleton_Mage/Anims/AnimBP_Mage' 애셋에 대한 파일을 찾을 수 없습니다.
[2016.01.13-01.52.31:267][  0]LoadErrors:Error: 오류 /Game/AI/AI_Character : 애셋에 대한 파일을 찾을 수 없습니다. /Game/LowPolySkeleton/Skeleton_Mage/Anims/AnimBP_Mage
[2016.01.13-01.52.31:267][  0]LogLinker:Warning: '/Game/LowPolySkeleton/Skeleton_Mage/skeleton_mage' 파일을 찾을 수 없습니다.
[2016.01.13-01.52.31:267][  0]LogLinker:Warning: ../../../../../실무/Hero/Project (1) 4.10/Content/AI/AI_Character.uasset 로드중 '/Game/LowPolySkeleton/Skeleton_Mage/skeleton_mage' 애셋에 대한 파일을 찾을 수 없습니다.
[2016.01.13-01.52.31:267][  0]LoadErrors:Error: 오류 /Game/AI/AI_Character : 애셋에 대한 파일을 찾을 수 없습니다. /Game/LowPolySkeleton/Skeleton_Mage/skeleton_mage
[2016.01.13-01.52.31:267][  0]LogLinker:Warning: '/Game/LowPolySkeleton/Skeleton_Mage/skeleton_mage' 파일을 찾을 수 없습니다.
[2016.01.13-01.52.31:267][  0]LogLinker:Warning: ../../../../../실무/Hero/Project (1) 4.10/Content/AI/AI_Character.uasset 로드중 '/Game/LowPolySkeleton/Skeleton_Mage/skeleton_mage' 애셋에 대한 파일을 찾을 수 없습니다.
[2016.01.13-01.52.31:267][  0]LoadErrors:Error: 오류 /Game/AI/AI_Character : 애셋에 대한 파일을 찾을 수 없습니다. /Game/LowPolySkeleton/Skeleton_Mage/skeleton_mage
[2016.01.13-01.52.48:798][  0]LogSkeletalMesh:Warning: Building adjacency information for skeletal mesh '/Game/ChibiHeroFemalePack/Meshes/Legs_Armor/Skirt_A1_SkelMesh.Skirt_A1_SkelMesh'.
[2016.01.13-01.52.50:583][  0]LogTexture:Display: 텍스처 빌드중: T_skirt1_metallic (AutoDXT)
[2016.01.13-01.52.51:157][  0]LogTexture:Display: 텍스처 빌드중: T_skirt1_Color (AutoDXT)
[2016.01.13-01.52.51:925][  0]LogTexture:Display: 텍스처 빌드중: T_Plain_Metallic (AutoDXT)
[2016.01.13-01.52.52:337][  0]LogTexture:Display: 텍스처 빌드중: T_cPriest2_head_Roughness (AutoDXT)
[2016.01.13-01.52.52:865][  0]LogTexture:Display: 텍스처 빌드중: T_Plain_NM (BC5)
[2016.01.13-01.52.53:414][  0]LogTexture:Display: 텍스처 빌드중: T_CM_skirt_OP (AutoDXT)
[2016.01.13-01.52.54:262][  0]LogTexture:Display: 텍스처 빌드중: T_staff01_cristal_ball_Opacity (AutoDXT)
[2016.01.13-01.52.56:094][  0]LogTexture:Display: 텍스처 빌드중: T_cPriest2_head_BaseColor (AutoDXT)
[2016.01.13-01.52.57:170][  0]LogMaterial: Missing cached shader map for material M_ChibiF_master, compiling. 
[2016.01.13-01.52.57:349][  0]LogTexture:Display: 텍스처 빌드중: T_skirt1_NM (BC5)
[2016.01.13-01.52.57:912][  0]LogTexture:Display: 텍스처 빌드중: T_skirt1_OP (AutoDXT)
[2016.01.13-01.52.58:678][  0]LogTexture:Display: 텍스처 빌드중: T_skirt1_Roughness (AutoDXT)
[2016.01.13-01.52.59:250][  0]LogMaterial: Missing cached shader map for material M_ChibiF_master, compiling. 
[2016.01.13-01.52.59:299][  0]LogTexture:Display: 텍스처 빌드중: T_metallic_100 (AutoDXT)
[2016.01.13-01.52.59:784][  0]LogTexture:Display: 텍스처 빌드중: T_CM_skirt_Roughness (AutoDXT)
[2016.01.13-01.53.01:016][  0]LogTexture:Display: 텍스처 빌드중: T_CM_skirt_nm (BC5)
[2016.01.13-01.53.01:871][  0]LogTexture:Display: 텍스처 빌드중: T_CM_skirt_color (AutoDXT)
[2016.01.13-01.53.02:890][  0]LogTexture:Display: 텍스처 빌드중: T_calz_priest01_Metallic (AutoDXT)
[2016.01.13-01.53.03:979][  0]LogTexture:Display: 텍스처 빌드중: T_calz_priest01_Color (AutoDXT)
[2016.01.13-01.53.08:919][  0]LogTexture:Display: 텍스처 빌드중: T_calz_priest01_Normal (BC5)
[2016.01.13-01.53.09:888][  0]LogTexture:Display: 텍스처 빌드중: T_calz_priest01_Roughness (AutoDXT)
[2016.01.13-01.53.11:182][  0]LogTexture:Display: 텍스처 빌드중: T_Dark_knight_Head_gloves_Roughness (AutoDXT)
[2016.01.13-01.53.13:464][  0]LogTexture:Display: 텍스처 빌드중: T_Dark_knight_head_gloves_NM (BC5)
[2016.01.13-01.53.14:320][  0]LogTexture:Display: 텍스처 빌드중: T_Dark_knight_Head_gloves_Metallic (AutoDXT)
[2016.01.13-01.53.16:108][  0]LogTexture:Display: 텍스처 빌드중: T_Dark_knight_Head_gloves_BaseColor (AutoDXT)
[2016.01.13-01.53.17:700][  0]LogTexture:Display: 텍스처 빌드중: T_Hunter_hairNM (BC5)
[2016.01.13-01.53.18:186][  0]LogTexture:Display: 텍스처 빌드중: T_Hunter_hair_color (AutoDXT)
[2016.01.13-01.53.19:284][  0]LogTexture:Display: 텍스처 빌드중: T_Hair_pal_NM (BC5)
[2016.01.13-01.53.19:355][  0]LogTexture:Display: 텍스처 빌드중: T_Hair_pal_color (AutoDXT)
[2016.01.13-01.53.19:611][  0]LogMaterial: Missing cached shader map for material M_Hair_Master_2, compiling. 
[2016.01.13-01.53.19:669][  0]LogTexture:Display: 텍스처 빌드중: T_Face_06_Roughness (AutoDXT)
[2016.01.13-01.53.20:346][  0]LogTexture:Display: 텍스처 빌드중: T_Face_06_color (AutoDXT)
[2016.01.13-01.53.21:132][  0]LogTexture:Display: 텍스처 빌드중: T_baseFBX_cuerpo_Roughness (AutoDXT)
[2016.01.13-01.53.21:769][  0]LogTexture:Display: 텍스처 빌드중: T_baseFBX_cuerpo_BaseColor (AutoDXT)
[2016.01.13-01.53.23:098][  0]LogTexture:Display: 텍스처 빌드중: T_Pal_Armor_calz_NM (BC5)
[2016.01.13-01.53.23:814][  0]LogTexture:Display: 텍스처 빌드중: T_Dark_knight_metallic (AutoDXT)
[2016.01.13-01.53.24:834][  0]LogTexture:Display: 텍스처 빌드중: T_Dark_knight_Armor_Roughness (AutoDXT)
[2016.01.13-01.53.26:207][  0]LogTexture:Display: 텍스처 빌드중: T_Dark_knight_armo_col (AutoDXT)
[2016.01.13-01.53.27:508][  0]LogMaterial: Missing cached shader map for material TownHall, compiling. 
[2016.01.13-01.53.27:674][  0]LogMaterial: Missing cached shader map for material Ground_GrassThickGreen, compiling. 
[2016.01.13-01.53.27:697][  0]LogTexture:Display: 텍스처 빌드중: Texture2D_9 (BGRA8)
[2016.01.13-01.53.27:750][  0]LogTexture:Display: 텍스처 빌드중: HQ_Lightmap0_1 (AutoDXT)
[2016.01.13-01.53.28:497][  0]LogTexture:Display: 텍스처 빌드중: HQ_Lightmap0_10 (AutoDXT)
[2016.01.13-01.53.28:540][  0]LogTexture:Display: 텍스처 빌드중: HQ_Lightmap0_11 (AutoDXT)
[2016.01.13-01.53.28:813][  0]LogTexture:Display: 텍스처 빌드중: HQ_Lightmap0_12 (AutoDXT)
[2016.01.13-01.53.28:959][  0]LogTexture:Display: 텍스처 빌드중: HQ_Lightmap0_13 (AutoDXT)
[2016.01.13-01.53.29:001][  0]LogTexture:Display: 텍스처 빌드중: HQ_Lightmap0_14 (AutoDXT)
[2016.01.13-01.53.29:170][  0]LogTexture:Display: 텍스처 빌드중: HQ_Lightmap0_15 (AutoDXT)
[2016.01.13-01.53.29:239][  0]LogTexture:Display: 텍스처 빌드중: HQ_Lightmap0_16 (AutoDXT)
[2016.01.13-01.53.29:269][  0]LogTexture:Display: 텍스처 빌드중: HQ_Lightmap0_17 (AutoDXT)
[2016.01.13-01.53.29:402][  0]LogTexture:Display: 텍스처 빌드중: HQ_Lightmap0_18 (AutoDXT)
[2016.01.13-01.53.29:432][  0]LogTexture:Display: 텍스처 빌드중: HQ_Lightmap0_19 (AutoDXT)
[2016.01.13-01.53.29:490][  0]LogTexture:Display: 텍스처 빌드중: HQ_Lightmap0_2 (AutoDXT)
[2016.01.13-01.53.29:936][  0]LogTexture:Display: 텍스처 빌드중: HQ_Lightmap0_20 (AutoDXT)
[2016.01.13-01.53.29:941][  0]LogTexture:Display: 텍스처 빌드중: HQ_Lightmap0_21 (AutoDXT)
[2016.01.13-01.53.29:945][  0]LogTexture:Display: 텍스처 빌드중: HQ_Lightmap0_22 (AutoDXT)
[2016.01.13-01.53.29:949][  0]LogTexture:Display: 텍스처 빌드중: HQ_Lightmap0_23 (AutoDXT)
[2016.01.13-01.53.29:955][  0]LogTexture:Display: 텍스처 빌드중: HQ_Lightmap0_24 (AutoDXT)
[2016.01.13-01.53.29:961][  0]LogTexture:Display: 텍스처 빌드중: HQ_Lightmap0_25 (AutoDXT)
[2016.01.13-01.53.29:965][  0]LogTexture:Display: 텍스처 빌드중: HQ_Lightmap0_26 (AutoDXT)
[2016.01.13-01.53.29:969][  0]LogTexture:Display: 텍스처 빌드중: HQ_Lightmap0_27 (AutoDXT)
[2016.01.13-01.53.29:973][  0]LogTexture:Display: 텍스처 빌드중: HQ_Lightmap0_28 (AutoDXT)
[2016.01.13-01.53.29:977][  0]LogTexture:Display: 텍스처 빌드중: HQ_Lightmap0_29 (AutoDXT)
[2016.01.13-01.53.30:021][  0]LogTexture:Display: 텍스처 빌드중: HQ_Lightmap0_3 (AutoDXT)
[2016.01.13-01.53.30:122][  0]LogTexture:Display: 텍스처 빌드중: HQ_Lightmap0_30 (AutoDXT)
[2016.01.13-01.53.30:128][  0]LogTexture:Display: 텍스처 빌드중: HQ_Lightmap0_31 (AutoDXT)
[2016.01.13-01.53.30:135][  0]LogTexture:Display: 텍스처 빌드중: HQ_Lightmap0_32 (AutoDXT)
[2016.01.13-01.53.30:141][  0]LogTexture:Display: 텍스처 빌드중: HQ_Lightmap0_33 (AutoDXT)
[2016.01.13-01.53.30:147][  0]LogTexture:Display: 텍스처 빌드중: HQ_Lightmap0_34 (AutoDXT)
[2016.01.13-01.53.30:152][  0]LogTexture:Display: 텍스처 빌드중: HQ_Lightmap0_35 (AutoDXT)
[2016.01.13-01.53.30:156][  0]LogTexture:Display: 텍스처 빌드중: HQ_Lightmap0_36 (AutoDXT)
[2016.01.13-01.53.30:161][  0]LogTexture:Display: 텍스처 빌드중: HQ_Lightmap0_37 (AutoDXT)
[2016.01.13-01.53.30:167][  0]LogTexture:Display: 텍스처 빌드중: HQ_Lightmap0_38 (AutoDXT)
[2016.01.13-01.53.30:173][  0]LogTexture:Display: 텍스처 빌드중: HQ_Lightmap0_39 (AutoDXT)
[2016.01.13-01.53.30:183][  0]LogTexture:Display: 텍스처 빌드중: HQ_Lightmap0_4 (AutoDXT)
[2016.01.13-01.53.30:252][  0]LogTexture:Display: 텍스처 빌드중: HQ_Lightmap0_40 (AutoDXT)
[2016.01.13-01.53.30:257][  0]LogTexture:Display: 텍스처 빌드중: HQ_Lightmap0_41 (AutoDXT)
[2016.01.13-01.53.30:264][  0]LogTexture:Display: 텍스처 빌드중: HQ_Lightmap0_42 (AutoDXT)
[2016.01.13-01.53.30:270][  0]LogTexture:Display: 텍스처 빌드중: HQ_Lightmap0_43 (AutoDXT)
[2016.01.13-01.53.30:274][  0]LogTexture:Display: 텍스처 빌드중: HQ_Lightmap0_44 (AutoDXT)
[2016.01.13-01.53.30:278][  0]LogTexture:Display: 텍스처 빌드중: HQ_Lightmap0_45 (AutoDXT)
[2016.01.13-01.53.30:301][  0]LogTexture:Display: 텍스처 빌드중: HQ_Lightmap0_46 (AutoDXT)
[2016.01.13-01.53.30:307][  0]LogTexture:Display: 텍스처 빌드중: HQ_Lightmap0_47 (AutoDXT)
[2016.01.13-01.53.30:313][  0]LogTexture:Display: 텍스처 빌드중: HQ_Lightmap0_48 (AutoDXT)
[2016.01.13-01.53.30:319][  0]LogTexture:Display: 텍스처 빌드중: HQ_Lightmap0_49 (AutoDXT)
[2016.01.13-01.53.30:327][  0]LogTexture:Display: 텍스처 빌드중: HQ_Lightmap0_5 (AutoDXT)
[2016.01.13-01.53.30:367][  0]LogTexture:Display: 텍스처 빌드중: HQ_Lightmap0_50 (AutoDXT)
[2016.01.13-01.53.30:372][  0]LogTexture:Display: 텍스처 빌드중: HQ_Lightmap0_51 (AutoDXT)
[2016.01.13-01.53.30:378][  0]LogTexture:Display: 텍스처 빌드중: HQ_Lightmap0_52 (AutoDXT)
[2016.01.13-01.53.30:382][  0]LogTexture:Display: 텍스처 빌드중: HQ_Lightmap0_53 (AutoDXT)
[2016.01.13-01.53.30:389][  0]LogTexture:Display: 텍스처 빌드중: HQ_Lightmap0_54 (AutoDXT)
[2016.01.13-01.53.30:395][  0]LogTexture:Display: 텍스처 빌드중: HQ_Lightmap0_55 (AutoDXT)
[2016.01.13-01.53.30:435][  0]LogTexture:Display: 텍스처 빌드중: HQ_Lightmap0_56 (AutoDXT)
[2016.01.13-01.53.30:441][  0]LogTexture:Display: 텍스처 빌드중: HQ_Lightmap0_57 (AutoDXT)
[2016.01.13-01.53.30:446][  0]LogTexture:Display: 텍스처 빌드중: HQ_Lightmap0_58 (AutoDXT)
[2016.01.13-01.53.30:452][  0]LogTexture:Display: 텍스처 빌드중: HQ_Lightmap0_59 (AutoDXT)
[2016.01.13-01.53.30:499][  0]LogTexture:Display: 텍스처 빌드중: HQ_Lightmap0_6 (AutoDXT)
[2016.01.13-01.53.30:653][  0]LogTexture:Display: 텍스처 빌드중: HQ_Lightmap0_60 (AutoDXT)
[2016.01.13-01.53.30:658][  0]LogTexture:Display: 텍스처 빌드중: HQ_Lightmap0_61 (AutoDXT)
[2016.01.13-01.53.30:664][  0]LogTexture:Display: 텍스처 빌드중: HQ_Lightmap0_62 (AutoDXT)
[2016.01.13-01.53.30:670][  0]LogTexture:Display: 텍스처 빌드중: HQ_Lightmap0_63 (AutoDXT)
[2016.01.13-01.53.30:675][  0]LogTexture:Display: 텍스처 빌드중: HQ_Lightmap0_64 (AutoDXT)
[2016.01.13-01.53.30:681][  0]LogTexture:Display: 텍스처 빌드중: HQ_Lightmap0_65 (AutoDXT)
[2016.01.13-01.53.30:687][  0]LogTexture:Display: 텍스처 빌드중: HQ_Lightmap0_66 (AutoDXT)
[2016.01.13-01.53.30:694][  0]LogTexture:Display: 텍스처 빌드중: HQ_Lightmap0_67 (AutoDXT)
[2016.01.13-01.53.30:700][  0]LogTexture:Display: 텍스처 빌드중: HQ_Lightmap0_68 (AutoDXT)
[2016.01.13-01.53.30:703][  0]LogTexture:Display: 텍스처 빌드중: HQ_Lightmap0_69 (AutoDXT)
[2016.01.13-01.53.30:716][  0]LogTexture:Display: 텍스처 빌드중: HQ_Lightmap0_7 (AutoDXT)
[2016.01.13-01.53.30:864][  0]LogTexture:Display: 텍스처 빌드중: HQ_Lightmap0_70 (AutoDXT)
[2016.01.13-01.53.30:870][  0]LogTexture:Display: 텍스처 빌드중: HQ_Lightmap0_71 (AutoDXT)
[2016.01.13-01.53.30:876][  0]LogTexture:Display: 텍스처 빌드중: HQ_Lightmap0_72 (AutoDXT)
[2016.01.13-01.53.30:883][  0]LogTexture:Display: 텍스처 빌드중: HQ_Lightmap0_73 (AutoDXT)
[2016.01.13-01.53.30:887][  0]LogTexture:Display: 텍스처 빌드중: HQ_Lightmap0_74 (AutoDXT)
[2016.01.13-01.53.30:892][  0]LogTexture:Display: 텍스처 빌드중: HQ_Lightmap0_75 (AutoDXT)
[2016.01.13-01.53.30:901][  0]LogTexture:Display: 텍스처 빌드중: HQ_Lightmap0_76 (AutoDXT)
[2016.01.13-01.53.30:903][  0]LogTexture:Display: 텍스처 빌드중: HQ_Lightmap0_77 (AutoDXT)
[2016.01.13-01.53.30:906][  0]LogTexture:Display: 텍스처 빌드중: HQ_Lightmap0_78 (AutoDXT)
[2016.01.13-01.53.30:910][  0]LogTexture:Display: 텍스처 빌드중: HQ_Lightmap0_79 (AutoDXT)
[2016.01.13-01.53.30:918][  0]LogTexture:Display: 텍스처 빌드중: HQ_Lightmap0_8 (AutoDXT)
[2016.01.13-01.53.30:994][  0]LogTexture:Display: 텍스처 빌드중: HQ_Lightmap0_80 (AutoDXT)
[2016.01.13-01.53.30:998][  0]LogTexture:Display: 텍스처 빌드중: HQ_Lightmap0_81 (AutoDXT)
[2016.01.13-01.53.31:002][  0]LogTexture:Display: 텍스처 빌드중: HQ_Lightmap0_82 (AutoDXT)
[2016.01.13-01.53.31:005][  0]LogTexture:Display: 텍스처 빌드중: HQ_Lightmap0_83 (AutoDXT)
[2016.01.13-01.53.31:011][  0]LogTexture:Display: 텍스처 빌드중: HQ_Lightmap0_84 (AutoDXT)
[2016.01.13-01.53.31:012][  0]LogTexture:Display: 텍스처 빌드중: HQ_Lightmap0_9 (AutoDXT)
[2016.01.13-01.53.31:099][  0]LogTexture:Display: 텍스처 빌드중: LQ_Lightmap_0_1 (DXT1)
[2016.01.13-01.53.31:552][  0]LogTexture:Display: 텍스처 빌드중: LQ_Lightmap_0_10 (DXT1)
[2016.01.13-01.53.31:588][  0]LogTexture:Display: 텍스처 빌드중: LQ_Lightmap_0_11 (DXT1)
[2016.01.13-01.53.31:743][  0]LogTexture:Display: 텍스처 빌드중: LQ_Lightmap_0_12 (DXT1)
[2016.01.13-01.53.31:791][  0]LogTexture:Display: 텍스처 빌드중: LQ_Lightmap_0_13 (DXT1)
[2016.01.13-01.53.31:834][  0]LogTexture:Display: 텍스처 빌드중: LQ_Lightmap_0_14 (DXT1)
[2016.01.13-01.53.31:942][  0]LogTexture:Display: 텍스처 빌드중: LQ_Lightmap_0_15 (DXT1)
[2016.01.13-01.53.31:965][  0]LogTexture:Display: 텍스처 빌드중: LQ_Lightmap_0_16 (DXT1)
[2016.01.13-01.53.31:989][  0]LogTexture:Display: 텍스처 빌드중: LQ_Lightmap_0_17 (DXT1)
[2016.01.13-01.53.32:095][  0]LogTexture:Display: 텍스처 빌드중: LQ_Lightmap_0_18 (DXT1)
[2016.01.13-01.53.32:167][  0]LogTexture:Display: 텍스처 빌드중: LQ_Lightmap_0_19 (DXT1)
[2016.01.13-01.53.32:203][  0]LogTexture:Display: 텍스처 빌드중: LQ_Lightmap_0_2 (DXT1)
[2016.01.13-01.53.32:430][  0]LogTexture:Display: 텍스처 빌드중: LQ_Lightmap_0_20 (DXT1)
[2016.01.13-01.53.32:441][  0]LogTexture:Display: 텍스처 빌드중: LQ_Lightmap_0_21 (DXT1)
[2016.01.13-01.53.32:446][  0]LogTexture:Display: 텍스처 빌드중: LQ_Lightmap_0_22 (DXT1)
[2016.01.13-01.53.32:452][  0]LogTexture:Display: 텍스처 빌드중: LQ_Lightmap_0_23 (DXT1)
[2016.01.13-01.53.32:457][  0]LogTexture:Display: 텍스처 빌드중: LQ_Lightmap_0_24 (DXT1)
[2016.01.13-01.53.32:463][  0]LogTexture:Display: 텍스처 빌드중: LQ_Lightmap_0_25 (DXT1)
[2016.01.13-01.53.32:468][  0]LogTexture:Display: 텍스처 빌드중: LQ_Lightmap_0_26 (DXT1)
[2016.01.13-01.53.32:472][  0]LogTexture:Display: 텍스처 빌드중: LQ_Lightmap_0_27 (DXT1)
[2016.01.13-01.53.32:477][  0]LogTexture:Display: 텍스처 빌드중: LQ_Lightmap_0_28 (DXT1)
[2016.01.13-01.53.32:482][  0]LogTexture:Display: 텍스처 빌드중: LQ_Lightmap_0_29 (DXT1)
[2016.01.13-01.53.32:495][  0]LogTexture:Display: 텍스처 빌드중: LQ_Lightmap_0_3 (DXT1)
[2016.01.13-01.53.32:635][  0]LogTexture:Display: 텍스처 빌드중: LQ_Lightmap_0_30 (DXT1)
[2016.01.13-01.53.32:639][  0]LogTexture:Display: 텍스처 빌드중: LQ_Lightmap_0_31 (DXT1)
[2016.01.13-01.53.32:645][  0]LogTexture:Display: 텍스처 빌드중: LQ_Lightmap_0_32 (DXT1)
[2016.01.13-01.53.32:650][  0]LogTexture:Display: 텍스처 빌드중: LQ_Lightmap_0_33 (DXT1)
[2016.01.13-01.53.32:655][  0]LogTexture:Display: 텍스처 빌드중: LQ_Lightmap_0_34 (DXT1)
[2016.01.13-01.53.32:659][  0]LogTexture:Display: 텍스처 빌드중: LQ_Lightmap_0_35 (DXT1)
[2016.01.13-01.53.32:664][  0]LogTexture:Display: 텍스처 빌드중: LQ_Lightmap_0_36 (DXT1)
[2016.01.13-01.53.32:669][  0]LogTexture:Display: 텍스처 빌드중: LQ_Lightmap_0_37 (DXT1)
[2016.01.13-01.53.32:675][  0]LogTexture:Display: 텍스처 빌드중: LQ_Lightmap_0_38 (DXT1)
[2016.01.13-01.53.32:680][  0]LogTexture:Display: 텍스처 빌드중: LQ_Lightmap_0_39 (DXT1)
[2016.01.13-01.53.32:697][  0]LogTexture:Display: 텍스처 빌드중: LQ_Lightmap_0_4 (DXT1)
[2016.01.13-01.53.32:763][  0]LogTexture:Display: 텍스처 빌드중: LQ_Lightmap_0_40 (DXT1)
[2016.01.13-01.53.32:767][  0]LogTexture:Display: 텍스처 빌드중: LQ_Lightmap_0_41 (DXT1)
[2016.01.13-01.53.32:773][  0]LogTexture:Display: 텍스처 빌드중: LQ_Lightmap_0_42 (DXT1)
[2016.01.13-01.53.32:778][  0]LogTexture:Display: 텍스처 빌드중: LQ_Lightmap_0_43 (DXT1)
[2016.01.13-01.53.32:783][  0]LogTexture:Display: 텍스처 빌드중: LQ_Lightmap_0_44 (DXT1)
[2016.01.13-01.53.32:788][  0]LogTexture:Display: 텍스처 빌드중: LQ_Lightmap_0_45 (DXT1)
[2016.01.13-01.53.32:794][  0]LogTexture:Display: 텍스처 빌드중: LQ_Lightmap_0_46 (DXT1)
[2016.01.13-01.53.32:800][  0]LogTexture:Display: 텍스처 빌드중: LQ_Lightmap_0_47 (DXT1)
[2016.01.13-01.53.32:806][  0]LogTexture:Display: 텍스처 빌드중: LQ_Lightmap_0_48 (DXT1)
[2016.01.13-01.53.32:810][  0]LogTexture:Display: 텍스처 빌드중: LQ_Lightmap_0_49 (DXT1)
[2016.01.13-01.53.32:817][  0]LogTexture:Display: 텍스처 빌드중: LQ_Lightmap_0_5 (DXT1)
[2016.01.13-01.53.32:848][  0]LogTexture:Display: 텍스처 빌드중: LQ_Lightmap_0_50 (DXT1)
[2016.01.13-01.53.32:853][  0]LogTexture:Display: 텍스처 빌드중: LQ_Lightmap_0_51 (DXT1)
[2016.01.13-01.53.32:858][  0]LogTexture:Display: 텍스처 빌드중: LQ_Lightmap_0_52 (DXT1)
[2016.01.13-01.53.32:863][  0]LogTexture:Display: 텍스처 빌드중: LQ_Lightmap_0_53 (DXT1)
[2016.01.13-01.53.32:878][  0]LogTexture:Display: 텍스처 빌드중: LQ_Lightmap_0_54 (DXT1)
[2016.01.13-01.53.32:884][  0]LogTexture:Display: 텍스처 빌드중: LQ_Lightmap_0_55 (DXT1)
[2016.01.13-01.53.32:890][  0]LogTexture:Display: 텍스처 빌드중: LQ_Lightmap_0_56 (DXT1)
[2016.01.13-01.53.32:895][  0]LogTexture:Display: 텍스처 빌드중: LQ_Lightmap_0_57 (DXT1)
[2016.01.13-01.53.32:901][  0]LogTexture:Display: 텍스처 빌드중: LQ_Lightmap_0_58 (DXT1)
[2016.01.13-01.53.32:906][  0]LogTexture:Display: 텍스처 빌드중: LQ_Lightmap_0_59 (DXT1)
[2016.01.13-01.53.32:921][  0]LogTexture:Display: 텍스처 빌드중: LQ_Lightmap_0_6 (DXT1)
[2016.01.13-01.53.33:057][  0]LogTexture:Display: 텍스처 빌드중: LQ_Lightmap_0_60 (DXT1)
[2016.01.13-01.53.33:062][  0]LogTexture:Display: 텍스처 빌드중: LQ_Lightmap_0_61 (DXT1)
[2016.01.13-01.53.33:068][  0]LogTexture:Display: 텍스처 빌드중: LQ_Lightmap_0_62 (DXT1)
[2016.01.13-01.53.33:073][  0]LogTexture:Display: 텍스처 빌드중: LQ_Lightmap_0_63 (DXT1)
[2016.01.13-01.53.33:079][  0]LogTexture:Display: 텍스처 빌드중: LQ_Lightmap_0_64 (DXT1)
[2016.01.13-01.53.33:085][  0]LogTexture:Display: 텍스처 빌드중: LQ_Lightmap_0_65 (DXT1)
[2016.01.13-01.53.33:089][  0]LogTexture:Display: 텍스처 빌드중: LQ_Lightmap_0_66 (DXT1)
[2016.01.13-01.53.33:095][  0]LogTexture:Display: 텍스처 빌드중: LQ_Lightmap_0_67 (DXT1)
[2016.01.13-01.53.33:101][  0]LogTexture:Display: 텍스처 빌드중: LQ_Lightmap_0_68 (DXT1)
[2016.01.13-01.53.33:106][  0]LogTexture:Display: 텍스처 빌드중: LQ_Lightmap_0_69 (DXT1)
[2016.01.13-01.53.33:119][  0]LogTexture:Display: 텍스처 빌드중: LQ_Lightmap_0_7 (DXT1)
[2016.01.13-01.53.33:270][  0]LogTexture:Display: 텍스처 빌드중: LQ_Lightmap_0_70 (DXT1)
[2016.01.13-01.53.33:275][  0]LogTexture:Display: 텍스처 빌드중: LQ_Lightmap_0_71 (DXT1)
[2016.01.13-01.53.33:280][  0]LogTexture:Display: 텍스처 빌드중: LQ_Lightmap_0_72 (DXT1)
[2016.01.13-01.53.33:285][  0]LogTexture:Display: 텍스처 빌드중: LQ_Lightmap_0_73 (DXT1)
[2016.01.13-01.53.33:291][  0]LogTexture:Display: 텍스처 빌드중: LQ_Lightmap_0_74 (DXT1)
[2016.01.13-01.53.33:296][  0]LogTexture:Display: 텍스처 빌드중: LQ_Lightmap_0_75 (DXT1)
[2016.01.13-01.53.33:302][  0]LogTexture:Display: 텍스처 빌드중: LQ_Lightmap_0_76 (DXT1)
[2016.01.13-01.53.33:305][  0]LogTexture:Display: 텍스처 빌드중: LQ_Lightmap_0_77 (DXT1)
[2016.01.13-01.53.33:310][  0]LogTexture:Display: 텍스처 빌드중: LQ_Lightmap_0_78 (DXT1)
[2016.01.13-01.53.33:315][  0]LogTexture:Display: 텍스처 빌드중: LQ_Lightmap_0_79 (DXT1)
[2016.01.13-01.53.33:324][  0]LogTexture:Display: 텍스처 빌드중: LQ_Lightmap_0_8 (DXT1)
[2016.01.13-01.53.33:445][  0]LogTexture:Display: 텍스처 빌드중: LQ_Lightmap_0_80 (DXT1)
[2016.01.13-01.53.33:450][  0]LogTexture:Display: 텍스처 빌드중: LQ_Lightmap_0_81 (DXT1)
[2016.01.13-01.53.33:455][  0]LogTexture:Display: 텍스처 빌드중: LQ_Lightmap_0_82 (DXT1)
[2016.01.13-01.53.33:460][  0]LogTexture:Display: 텍스처 빌드중: LQ_Lightmap_0_83 (DXT1)
[2016.01.13-01.53.33:465][  0]LogTexture:Display: 텍스처 빌드중: LQ_Lightmap_0_84 (DXT1)
[2016.01.13-01.53.33:488][  0]LogTexture:Display: 텍스처 빌드중: LQ_Lightmap_0_9 (DXT1)
[2016.01.13-01.53.33:551][  0]LogTexture:Display: 텍스처 빌드중: SkyOcclusion0_1 (AutoDXT)
[2016.01.13-01.53.33:876][  0]LogTexture:Display: 텍스처 빌드중: SkyOcclusion0_10 (AutoDXT)
[2016.01.13-01.53.33:892][  0]LogTexture:Display: 텍스처 빌드중: SkyOcclusion0_11 (AutoDXT)
[2016.01.13-01.53.34:081][  0]LogTexture:Display: 텍스처 빌드중: SkyOcclusion0_12 (AutoDXT)
[2016.01.13-01.53.34:123][  0]LogTexture:Display: 텍스처 빌드중: SkyOcclusion0_13 (AutoDXT)
[2016.01.13-01.53.34:150][  0]LogTexture:Display: 텍스처 빌드중: SkyOcclusion0_14 (AutoDXT)
[2016.01.13-01.53.34:271][  0]LogTexture:Display: 텍스처 빌드중: SkyOcclusion0_15 (AutoDXT)
[2016.01.13-01.53.34:341][  0]LogTexture:Display: 텍스처 빌드중: SkyOcclusion0_16 (AutoDXT)
[2016.01.13-01.53.34:361][  0]LogTexture:Display: 텍스처 빌드중: SkyOcclusion0_17 (AutoDXT)
[2016.01.13-01.53.34:411][  0]LogTexture:Display: 텍스처 빌드중: SkyOcclusion0_18 (AutoDXT)
[2016.01.13-01.53.34:438][  0]LogTexture:Display: 텍스처 빌드중: SkyOcclusion0_19 (AutoDXT)
[2016.01.13-01.53.34:446][  0]LogTexture:Display: 텍스처 빌드중: SkyOcclusion0_20 (AutoDXT)
[2016.01.13-01.53.34:449][  0]LogTexture:Display: 텍스처 빌드중: SkyOcclusion0_21 (AutoDXT)
[2016.01.13-01.53.34:452][  0]LogTexture:Display: 텍스처 빌드중: SkyOcclusion0_22 (AutoDXT)
[2016.01.13-01.53.34:455][  0]LogTexture:Display: 텍스처 빌드중: SkyOcclusion0_23 (AutoDXT)
[2016.01.13-01.53.34:458][  0]LogTexture:Display: 텍스처 빌드중: SkyOcclusion0_24 (AutoDXT)
[2016.01.13-01.53.34:461][  0]LogTexture:Display: 텍스처 빌드중: SkyOcclusion0_25 (AutoDXT)
[2016.01.13-01.53.34:464][  0]LogTexture:Display: 텍스처 빌드중: SkyOcclusion0_26 (AutoDXT)
[2016.01.13-01.53.34:466][  0]LogTexture:Display: 텍스처 빌드중: SkyOcclusion0_27 (AutoDXT)
[2016.01.13-01.53.34:468][  0]LogTexture:Display: 텍스처 빌드중: SkyOcclusion0_28 (AutoDXT)
[2016.01.13-01.53.34:471][  0]LogTexture:Display: 텍스처 빌드중: SkyOcclusion0_29 (AutoDXT)
[2016.01.13-01.53.34:477][  0]LogTexture:Display: 텍스처 빌드중: SkyOcclusion0_3 (AutoDXT)
[2016.01.13-01.53.34:550][  0]LogTexture:Display: 텍스처 빌드중: SkyOcclusion0_30 (AutoDXT)
[2016.01.13-01.53.34:553][  0]LogTexture:Display: 텍스처 빌드중: SkyOcclusion0_31 (AutoDXT)
[2016.01.13-01.53.34:556][  0]LogTexture:Display: 텍스처 빌드중: SkyOcclusion0_32 (AutoDXT)
[2016.01.13-01.53.34:560][  0]LogTexture:Display: 텍스처 빌드중: SkyOcclusion0_33 (AutoDXT)
[2016.01.13-01.53.34:563][  0]LogTexture:Display: 텍스처 빌드중: SkyOcclusion0_34 (AutoDXT)
[2016.01.13-01.53.34:566][  0]LogTexture:Display: 텍스처 빌드중: SkyOcclusion0_35 (AutoDXT)
[2016.01.13-01.53.34:569][  0]LogTexture:Display: 텍스처 빌드중: SkyOcclusion0_36 (AutoDXT)
[2016.01.13-01.53.34:572][  0]LogTexture:Display: 텍스처 빌드중: SkyOcclusion0_37 (AutoDXT)
[2016.01.13-01.53.34:585][  0]LogTexture:Display: 텍스처 빌드중: SkyOcclusion0_38 (AutoDXT)
[2016.01.13-01.53.34:590][  0]LogTexture:Display: 텍스처 빌드중: SkyOcclusion0_39 (AutoDXT)
[2016.01.13-01.53.34:603][  0]LogTexture:Display: 텍스처 빌드중: SkyOcclusion0_4 (AutoDXT)
[2016.01.13-01.53.34:677][  0]LogTexture:Display: 텍스처 빌드중: SkyOcclusion0_40 (AutoDXT)
[2016.01.13-01.53.34:680][  0]LogTexture:Display: 텍스처 빌드중: SkyOcclusion0_41 (AutoDXT)
[2016.01.13-01.53.34:684][  0]LogTexture:Display: 텍스처 빌드중: SkyOcclusion0_42 (AutoDXT)
[2016.01.13-01.53.34:687][  0]LogTexture:Display: 텍스처 빌드중: SkyOcclusion0_43 (AutoDXT)
[2016.01.13-01.53.34:689][  0]LogTexture:Display: 텍스처 빌드중: SkyOcclusion0_44 (AutoDXT)
[2016.01.13-01.53.34:693][  0]LogTexture:Display: 텍스처 빌드중: SkyOcclusion0_45 (AutoDXT)
[2016.01.13-01.53.34:696][  0]LogTexture:Display: 텍스처 빌드중: SkyOcclusion0_46 (AutoDXT)
[2016.01.13-01.53.34:699][  0]LogTexture:Display: 텍스처 빌드중: SkyOcclusion0_47 (AutoDXT)
[2016.01.13-01.53.34:703][  0]LogTexture:Display: 텍스처 빌드중: SkyOcclusion0_48 (AutoDXT)
[2016.01.13-01.53.34:706][  0]LogTexture:Display: 텍스처 빌드중: SkyOcclusion0_49 (AutoDXT)
[2016.01.13-01.53.34:709][  0]LogTexture:Display: 텍스처 빌드중: SkyOcclusion0_5 (AutoDXT)
[2016.01.13-01.53.34:731][  0]LogTexture:Display: 텍스처 빌드중: SkyOcclusion0_50 (AutoDXT)
[2016.01.13-01.53.34:734][  0]LogTexture:Display: 텍스처 빌드중: SkyOcclusion0_51 (AutoDXT)
[2016.01.13-01.53.34:737][  0]LogTexture:Display: 텍스처 빌드중: SkyOcclusion0_52 (AutoDXT)
[2016.01.13-01.53.34:740][  0]LogTexture:Display: 텍스처 빌드중: SkyOcclusion0_53 (AutoDXT)
[2016.01.13-01.53.34:743][  0]LogTexture:Display: 텍스처 빌드중: SkyOcclusion0_54 (AutoDXT)
[2016.01.13-01.53.34:746][  0]LogTexture:Display: 텍스처 빌드중: SkyOcclusion0_55 (AutoDXT)
[2016.01.13-01.53.34:749][  0]LogTexture:Display: 텍스처 빌드중: SkyOcclusion0_56 (AutoDXT)
[2016.01.13-01.53.34:752][  0]LogTexture:Display: 텍스처 빌드중: SkyOcclusion0_57 (AutoDXT)
[2016.01.13-01.53.34:755][  0]LogTexture:Display: 텍스처 빌드중: SkyOcclusion0_58 (AutoDXT)
[2016.01.13-01.53.34:758][  0]LogTexture:Display: 텍스처 빌드중: SkyOcclusion0_59 (AutoDXT)
[2016.01.13-01.53.34:765][  0]LogTexture:Display: 텍스처 빌드중: SkyOcclusion0_6 (AutoDXT)
[2016.01.13-01.53.34:869][  0]LogTexture:Display: 텍스처 빌드중: SkyOcclusion0_60 (AutoDXT)
[2016.01.13-01.53.34:872][  0]LogTexture:Display: 텍스처 빌드중: SkyOcclusion0_61 (AutoDXT)
[2016.01.13-01.53.34:875][  0]LogTexture:Display: 텍스처 빌드중: SkyOcclusion0_62 (AutoDXT)
[2016.01.13-01.53.34:878][  0]LogTexture:Display: 텍스처 빌드중: SkyOcclusion0_63 (AutoDXT)
[2016.01.13-01.53.34:881][  0]LogTexture:Display: 텍스처 빌드중: SkyOcclusion0_64 (AutoDXT)
[2016.01.13-01.53.34:884][  0]LogTexture:Display: 텍스처 빌드중: SkyOcclusion0_65 (AutoDXT)
[2016.01.13-01.53.34:887][  0]LogTexture:Display: 텍스처 빌드중: SkyOcclusion0_66 (AutoDXT)
[2016.01.13-01.53.34:890][  0]LogTexture:Display: 텍스처 빌드중: SkyOcclusion0_67 (AutoDXT)
[2016.01.13-01.53.34:893][  0]LogTexture:Display: 텍스처 빌드중: SkyOcclusion0_68 (AutoDXT)
[2016.01.13-01.53.34:896][  0]LogTexture:Display: 텍스처 빌드중: SkyOcclusion0_69 (AutoDXT)
[2016.01.13-01.53.34:902][  0]LogTexture:Display: 텍스처 빌드중: SkyOcclusion0_7 (AutoDXT)
[2016.01.13-01.53.34:984][  0]LogTexture:Display: 텍스처 빌드중: SkyOcclusion0_70 (AutoDXT)
[2016.01.13-01.53.34:987][  0]LogTexture:Display: 텍스처 빌드중: SkyOcclusion0_71 (AutoDXT)
[2016.01.13-01.53.34:990][  0]LogTexture:Display: 텍스처 빌드중: SkyOcclusion0_72 (AutoDXT)
[2016.01.13-01.53.34:993][  0]LogTexture:Display: 텍스처 빌드중: SkyOcclusion0_73 (AutoDXT)
[2016.01.13-01.53.34:996][  0]LogTexture:Display: 텍스처 빌드중: SkyOcclusion0_74 (AutoDXT)
[2016.01.13-01.53.34:999][  0]LogTexture:Display: 텍스처 빌드중: SkyOcclusion0_75 (AutoDXT)
[2016.01.13-01.53.35:012][  0]LogTexture:Display: 텍스처 빌드중: SkyOcclusion0_76 (AutoDXT)
[2016.01.13-01.53.35:013][  0]LogTexture:Display: 텍스처 빌드중: SkyOcclusion0_77 (AutoDXT)
[2016.01.13-01.53.35:016][  0]LogTexture:Display: 텍스처 빌드중: SkyOcclusion0_78 (AutoDXT)
[2016.01.13-01.53.35:019][  0]LogTexture:Display: 텍스처 빌드중: SkyOcclusion0_79 (AutoDXT)
[2016.01.13-01.53.35:024][  0]LogTexture:Display: 텍스처 빌드중: SkyOcclusion0_8 (AutoDXT)
[2016.01.13-01.53.35:071][  0]LogTexture:Display: 텍스처 빌드중: SkyOcclusion0_80 (AutoDXT)
[2016.01.13-01.53.35:074][  0]LogTexture:Display: 텍스처 빌드중: SkyOcclusion0_81 (AutoDXT)
[2016.01.13-01.53.35:076][  0]LogTexture:Display: 텍스처 빌드중: SkyOcclusion0_82 (AutoDXT)
[2016.01.13-01.53.35:079][  0]LogTexture:Display: 텍스처 빌드중: SkyOcclusion0_83 (AutoDXT)
[2016.01.13-01.53.35:082][  0]LogTexture:Display: 텍스처 빌드중: SkyOcclusion0_84 (AutoDXT)
[2016.01.13-01.53.35:085][  0]LogTexture:Display: 텍스처 빌드중: SkyOcclusion0_9 (AutoDXT)
[2016.01.13-01.53.35:106][  0]LogTexture:Display: 텍스처 빌드중: SkyOcclusion1_2 (AutoDXT)
[2016.01.13-01.53.35:310][  0]LogTexture:Display: 텍스처 빌드중: Fire (BGRA8)
[2016.01.13-01.53.35:420][  0]LogTexture:Display: 텍스처 빌드중: noise_texture (AutoDXT)
[2016.01.13-01.53.35:560][  0]LogMaterial: Missing cached shader map for material Fire, compiling. 
[2016.01.13-01.53.35:582][  0]LogTexture:Display: 텍스처 빌드중: Smoke (AutoDXT)
[2016.01.13-01.53.35:770][  0]LogMaterial: Missing cached shader map for material Smoke, compiling. 
[2016.01.13-01.53.35:778][  0]LogTexture:Display: 텍스처 빌드중: ShadowMapTexture2D_0 (BGRA8)
[2016.01.13-01.53.35:794][  0]LogTexture:Display: 텍스처 빌드중: ShadowMapTexture2D_1 (BGRA8)
[2016.01.13-01.53.35:842][  0]LogTexture:Display: 텍스처 빌드중: ShadowMapTexture2D_10 (BGRA8)
[2016.01.13-01.53.35:844][  0]LogTexture:Display: 텍스처 빌드중: ShadowMapTexture2D_11 (BGRA8)
[2016.01.13-01.53.35:848][  0]LogTexture:Display: 텍스처 빌드중: ShadowMapTexture2D_12 (BGRA8)
[2016.01.13-01.53.35:882][  0]LogTexture:Display: 텍스처 빌드중: ShadowMapTexture2D_13 (BGRA8)
[2016.01.13-01.53.35:886][  0]LogTexture:Display: 텍스처 빌드중: ShadowMapTexture2D_14 (BGRA8)
[2016.01.13-01.53.35:894][  0]LogTexture:Display: 텍스처 빌드중: ShadowMapTexture2D_15 (BGRA8)
[2016.01.13-01.53.35:895][  0]LogTexture:Display: 텍스처 빌드중: ShadowMapTexture2D_16 (BGRA8)
[2016.01.13-01.53.35:897][  0]LogTexture:Display: 텍스처 빌드중: ShadowMapTexture2D_17 (BGRA8)
[2016.01.13-01.53.35:899][  0]LogTexture:Display: 텍스처 빌드중: ShadowMapTexture2D_18 (BGRA8)
[2016.01.13-01.53.35:901][  0]LogTexture:Display: 텍스처 빌드중: ShadowMapTexture2D_19 (BGRA8)
[2016.01.13-01.53.35:905][  0]LogTexture:Display: 텍스처 빌드중: ShadowMapTexture2D_2 (BGRA8)
[2016.01.13-01.53.35:912][  0]LogTexture:Display: 텍스처 빌드중: ShadowMapTexture2D_20 (BGRA8)
[2016.01.13-01.53.35:913][  0]LogTexture:Display: 텍스처 빌드중: ShadowMapTexture2D_21 (BGRA8)
[2016.01.13-01.53.35:913][  0]LogTexture:Display: 텍스처 빌드중: ShadowMapTexture2D_22 (BGRA8)
[2016.01.13-01.53.35:914][  0]LogTexture:Display: 텍스처 빌드중: ShadowMapTexture2D_23 (BGRA8)
[2016.01.13-01.53.35:914][  0]LogTexture:Display: 텍스처 빌드중: ShadowMapTexture2D_24 (BGRA8)
[2016.01.13-01.53.35:914][  0]LogTexture:Display: 텍스처 빌드중: ShadowMapTexture2D_25 (BGRA8)
[2016.01.13-01.53.35:915][  0]LogTexture:Display: 텍스처 빌드중: ShadowMapTexture2D_26 (BGRA8)
[2016.01.13-01.53.35:915][  0]LogTexture:Display: 텍스처 빌드중: ShadowMapTexture2D_27 (BGRA8)
[2016.01.13-01.53.35:915][  0]LogTexture:Display: 텍스처 빌드중: ShadowMapTexture2D_28 (BGRA8)
[2016.01.13-01.53.35:915][  0]LogTexture:Display: 텍스처 빌드중: ShadowMapTexture2D_29 (BGRA8)
[2016.01.13-01.53.35:916][  0]LogTexture:Display: 텍스처 빌드중: ShadowMapTexture2D_30 (BGRA8)
[2016.01.13-01.53.35:916][  0]LogTexture:Display: 텍스처 빌드중: ShadowMapTexture2D_31 (BGRA8)
[2016.01.13-01.53.35:917][  0]LogTexture:Display: 텍스처 빌드중: ShadowMapTexture2D_32 (BGRA8)
[2016.01.13-01.53.35:917][  0]LogTexture:Display: 텍스처 빌드중: ShadowMapTexture2D_33 (BGRA8)
[2016.01.13-01.53.35:917][  0]LogTexture:Display: 텍스처 빌드중: ShadowMapTexture2D_34 (BGRA8)
[2016.01.13-01.53.35:918][  0]LogTexture:Display: 텍스처 빌드중: ShadowMapTexture2D_35 (BGRA8)
[2016.01.13-01.53.35:918][  0]LogTexture:Display: 텍스처 빌드중: ShadowMapTexture2D_36 (BGRA8)
[2016.01.13-01.53.35:918][  0]LogTexture:Display: 텍스처 빌드중: ShadowMapTexture2D_37 (BGRA8)
[2016.01.13-01.53.35:919][  0]LogTexture:Display: 텍스처 빌드중: ShadowMapTexture2D_38 (BGRA8)
[2016.01.13-01.53.35:919][  0]LogTexture:Display: 텍스처 빌드중: ShadowMapTexture2D_39 (BGRA8)
[2016.01.13-01.53.35:920][  0]LogTexture:Display: 텍스처 빌드중: ShadowMapTexture2D_4 (BGRA8)
[2016.01.13-01.53.35:923][  0]LogTexture:Display: 텍스처 빌드중: ShadowMapTexture2D_40 (BGRA8)
[2016.01.13-01.53.35:923][  0]LogTexture:Display: 텍스처 빌드중: ShadowMapTexture2D_41 (BGRA8)
[2016.01.13-01.53.35:924][  0]LogTexture:Display: 텍스처 빌드중: ShadowMapTexture2D_42 (BGRA8)
[2016.01.13-01.53.35:924][  0]LogTexture:Display: 텍스처 빌드중: ShadowMapTexture2D_43 (BGRA8)
[2016.01.13-01.53.35:924][  0]LogTexture:Display: 텍스처 빌드중: ShadowMapTexture2D_44 (BGRA8)
[2016.01.13-01.53.35:924][  0]LogTexture:Display: 텍스처 빌드중: ShadowMapTexture2D_45 (BGRA8)
[2016.01.13-01.53.35:925][  0]LogTexture:Display: 텍스처 빌드중: ShadowMapTexture2D_46 (BGRA8)
[2016.01.13-01.53.35:925][  0]LogTexture:Display: 텍스처 빌드중: ShadowMapTexture2D_47 (BGRA8)
[2016.01.13-01.53.35:925][  0]LogTexture:Display: 텍스처 빌드중: ShadowMapTexture2D_48 (BGRA8)
[2016.01.13-01.53.35:926][  0]LogTexture:Display: 텍스처 빌드중: ShadowMapTexture2D_49 (BGRA8)
[2016.01.13-01.53.35:926][  0]LogTexture:Display: 텍스처 빌드중: ShadowMapTexture2D_5 (BGRA8)
[2016.01.13-01.53.35:929][  0]LogTexture:Display: 텍스처 빌드중: ShadowMapTexture2D_50 (BGRA8)
[2016.01.13-01.53.35:929][  0]LogTexture:Display: 텍스처 빌드중: ShadowMapTexture2D_51 (BGRA8)
[2016.01.13-01.53.35:930][  0]LogTexture:Display: 텍스처 빌드중: ShadowMapTexture2D_52 (BGRA8)
[2016.01.13-01.53.35:930][  0]LogTexture:Display: 텍스처 빌드중: ShadowMapTexture2D_53 (BGRA8)
[2016.01.13-01.53.35:930][  0]LogTexture:Display: 텍스처 빌드중: ShadowMapTexture2D_54 (BGRA8)
[2016.01.13-01.53.35:931][  0]LogTexture:Display: 텍스처 빌드중: ShadowMapTexture2D_55 (BGRA8)
[2016.01.13-01.53.35:931][  0]LogTexture:Display: 텍스처 빌드중: ShadowMapTexture2D_56 (BGRA8)
[2016.01.13-01.53.35:931][  0]LogTexture:Display: 텍스처 빌드중: ShadowMapTexture2D_57 (BGRA8)
[2016.01.13-01.53.35:932][  0]LogTexture:Display: 텍스처 빌드중: ShadowMapTexture2D_58 (BGRA8)
[2016.01.13-01.53.35:932][  0]LogTexture:Display: 텍스처 빌드중: ShadowMapTexture2D_59 (BGRA8)
[2016.01.13-01.53.35:934][  0]LogTexture:Display: 텍스처 빌드중: ShadowMapTexture2D_6 (BGRA8)
[2016.01.13-01.53.35:942][  0]LogTexture:Display: 텍스처 빌드중: ShadowMapTexture2D_60 (BGRA8)
[2016.01.13-01.53.35:943][  0]LogTexture:Display: 텍스처 빌드중: ShadowMapTexture2D_61 (BGRA8)
[2016.01.13-01.53.35:943][  0]LogTexture:Display: 텍스처 빌드중: ShadowMapTexture2D_62 (BGRA8)
[2016.01.13-01.53.35:943][  0]LogTexture:Display: 텍스처 빌드중: ShadowMapTexture2D_63 (BGRA8)
[2016.01.13-01.53.35:944][  0]LogTexture:Display: 텍스처 빌드중: ShadowMapTexture2D_64 (BGRA8)
[2016.01.13-01.53.35:944][  0]LogTexture:Display: 텍스처 빌드중: ShadowMapTexture2D_65 (BGRA8)
[2016.01.13-01.53.35:944][  0]LogTexture:Display: 텍스처 빌드중: ShadowMapTexture2D_66 (BGRA8)
[2016.01.13-01.53.35:945][  0]LogTexture:Display: 텍스처 빌드중: ShadowMapTexture2D_67 (BGRA8)
[2016.01.13-01.53.35:945][  0]LogTexture:Display: 텍스처 빌드중: ShadowMapTexture2D_68 (BGRA8)
[2016.01.13-01.53.35:945][  0]LogTexture:Display: 텍스처 빌드중: ShadowMapTexture2D_69 (BGRA8)
[2016.01.13-01.53.35:946][  0]LogTexture:Display: 텍스처 빌드중: ShadowMapTexture2D_7 (BGRA8)
[2016.01.13-01.53.35:979][  0]LogTexture:Display: 텍스처 빌드중: ShadowMapTexture2D_70 (BGRA8)
[2016.01.13-01.53.35:979][  0]LogTexture:Display: 텍스처 빌드중: ShadowMapTexture2D_71 (BGRA8)
[2016.01.13-01.53.35:980][  0]LogTexture:Display: 텍스처 빌드중: ShadowMapTexture2D_72 (BGRA8)
[2016.01.13-01.53.35:980][  0]LogTexture:Display: 텍스처 빌드중: ShadowMapTexture2D_73 (BGRA8)
[2016.01.13-01.53.35:980][  0]LogTexture:Display: 텍스처 빌드중: ShadowMapTexture2D_74 (BGRA8)
[2016.01.13-01.53.35:980][  0]LogTexture:Display: 텍스처 빌드중: ShadowMapTexture2D_75 (BGRA8)
[2016.01.13-01.53.35:981][  0]LogTexture:Display: 텍스처 빌드중: ShadowMapTexture2D_76 (BGRA8)
[2016.01.13-01.53.35:981][  0]LogTexture:Display: 텍스처 빌드중: ShadowMapTexture2D_77 (BGRA8)
[2016.01.13-01.53.35:981][  0]LogTexture:Display: 텍스처 빌드중: ShadowMapTexture2D_78 (BGRA8)
[2016.01.13-01.53.35:982][  0]LogTexture:Display: 텍스처 빌드중: ShadowMapTexture2D_79 (BGRA8)
[2016.01.13-01.53.35:992][  0]LogTexture:Display: 텍스처 빌드중: ShadowMapTexture2D_8 (BGRA8)
[2016.01.13-01.53.36:067][  0]LogTexture:Display: 텍스처 빌드중: ShadowMapTexture2D_80 (BGRA8)
[2016.01.13-01.53.36:068][  0]LogTexture:Display: 텍스처 빌드중: ShadowMapTexture2D_81 (BGRA8)
[2016.01.13-01.53.36:068][  0]LogTexture:Display: 텍스처 빌드중: ShadowMapTexture2D_82 (BGRA8)
[2016.01.13-01.53.36:068][  0]LogTexture:Display: 텍스처 빌드중: ShadowMapTexture2D_83 (BGRA8)
[2016.01.13-01.53.36:069][  0]LogTexture:Display: 텍스처 빌드중: ShadowMapTexture2D_84 (BGRA8)
[2016.01.13-01.53.36:069][  0]LogTexture:Display: 텍스처 빌드중: ShadowMapTexture2D_85 (BGRA8)
[2016.01.13-01.53.36:070][  0]LogTexture:Display: 텍스처 빌드중: ShadowMapTexture2D_9 (BGRA8)
[2016.01.13-01.53.36:076][  0]LogStaticMesh: Altar 스태틱 메시 빌드중...
[2016.01.13-01.53.36:228][  0]LogStaticMesh: Built static mesh [0.152676.2s] /Game/HandPaintedEnvironment/Assets/Models/Altar.Altar
[2016.01.13-01.53.36:229][  0]LogStaticMesh: Awning 스태틱 메시 빌드중...
[2016.01.13-01.53.36:275][  0]LogStaticMesh: Built static mesh [0.046193.2s] /Game/HandPaintedEnvironment/Assets/Models/Awning.Awning
[2016.01.13-01.53.36:276][  0]LogStaticMesh: Barrel 스태틱 메시 빌드중...
[2016.01.13-01.53.36:285][  0]LogStaticMesh: Built static mesh [0.009594.2s] /Game/HandPaintedEnvironment/Assets/Models/Barrel.Barrel
[2016.01.13-01.53.36:285][  0]LogStaticMesh: Box_1 스태틱 메시 빌드중...
[2016.01.13-01.53.36:303][  0]LogStaticMesh: Built static mesh [0.017830.2s] /Game/HandPaintedEnvironment/Assets/Models/Box_1.Box_1
[2016.01.13-01.53.36:304][  0]LogStaticMesh: Box_2 스태틱 메시 빌드중...
[2016.01.13-01.53.36:316][  0]LogStaticMesh: Built static mesh [0.012312.2s] /Game/HandPaintedEnvironment/Assets/Models/Box_2.Box_2
[2016.01.13-01.53.36:316][  0]LogStaticMesh: Box_3 스태틱 메시 빌드중...
[2016.01.13-01.53.36:324][  0]LogStaticMesh: Built static mesh [0.007804.2s] /Game/HandPaintedEnvironment/Assets/Models/Box_3.Box_3
[2016.01.13-01.53.36:327][  0]LogStaticMesh: Cauldron 스태틱 메시 빌드중...
[2016.01.13-01.53.36:343][  0]LogStaticMesh: Built static mesh [0.018783.2s] /Game/HandPaintedEnvironment/Assets/Models/Cauldron.Cauldron
[2016.01.13-01.53.36:343][  0]LogStaticMesh: Chest 스태틱 메시 빌드중...
[2016.01.13-01.53.36:361][  0]LogStaticMesh: Built static mesh [0.018259.2s] /Game/HandPaintedEnvironment/Assets/Models/Chest.Chest
[2016.01.13-01.53.36:362][  0]LogStaticMesh: Crystal_4 스태틱 메시 빌드중...
[2016.01.13-01.53.36:364][  0]LogStaticMesh: Built static mesh [0.002297.2s] /Game/HandPaintedEnvironment/Assets/Models/Crystal_4.Crystal_4
[2016.01.13-01.53.36:364][  0]LogStaticMesh: Crystal_5 스태틱 메시 빌드중...
[2016.01.13-01.53.36:371][  0]LogStaticMesh: Built static mesh [0.006618.2s] /Game/HandPaintedEnvironment/Assets/Models/Crystal_5.Crystal_5
[2016.01.13-01.53.36:371][  0]LogStaticMesh: Crystal_1 스태틱 메시 빌드중...
[2016.01.13-01.53.36:373][  0]LogStaticMesh: Built static mesh [0.002161.2s] /Game/HandPaintedEnvironment/Assets/Models/Crystal_1.Crystal_1
[2016.01.13-01.53.36:373][  0]LogStaticMesh: Crystal_3 스태틱 메시 빌드중...
[2016.01.13-01.53.36:377][  0]LogStaticMesh: Built static mesh [0.004235.2s] /Game/HandPaintedEnvironment/Assets/Models/Crystal_3.Crystal_3
[2016.01.13-01.53.36:378][  0]LogStaticMesh: Crystal_2 스태틱 메시 빌드중...
[2016.01.13-01.53.36:382][  0]LogStaticMesh: Built static mesh [0.004067.2s] /Game/HandPaintedEnvironment/Assets/Models/Crystal_2.Crystal_2
[2016.01.13-01.53.36:382][  0]LogStaticMesh: Grass_1 스태틱 메시 빌드중...
[2016.01.13-01.53.36:388][  0]LogStaticMesh: Built static mesh [0.006178.2s] /Game/HandPaintedEnvironment/Assets/Landscape/Foliage/Grass_1.Grass_1
[2016.01.13-01.53.36:389][  0]LogStaticMesh: Grass_2 스태틱 메시 빌드중...
[2016.01.13-01.53.36:391][  0]LogStaticMesh: Built static mesh [0.002878.2s] /Game/HandPaintedEnvironment/Assets/Landscape/Foliage/Grass_2.Grass_2
[2016.01.13-01.53.36:393][  0]LogStaticMesh: Leaves_3 스태틱 메시 빌드중...
[2016.01.13-01.53.36:394][  0]LogStaticMesh: Built static mesh [0.001471.2s] /Game/HandPaintedEnvironment/Assets/Models/Leaves_3.Leaves_3
[2016.01.13-01.53.36:395][  0]LogStaticMesh: Leaves_1 스태틱 메시 빌드중...
[2016.01.13-01.53.36:396][  0]LogStaticMesh: Built static mesh [0.001646.2s] /Game/HandPaintedEnvironment/Assets/Models/Leaves_1.Leaves_1
[2016.01.13-01.53.36:397][  0]LogStaticMesh: Leaves_2 스태틱 메시 빌드중...
[2016.01.13-01.53.36:398][  0]LogStaticMesh: Built static mesh [0.001611.2s] /Game/HandPaintedEnvironment/Assets/Models/Leaves_2.Leaves_2
[2016.01.13-01.53.36:399][  0]LogStaticMesh: Log 스태틱 메시 빌드중...
[2016.01.13-01.53.36:406][  0]LogStaticMesh: Built static mesh [0.007537.2s] /Game/HandPaintedEnvironment/Assets/Models/Log.Log
[2016.01.13-01.53.36:407][  0]LogStaticMesh: Log_1 스태틱 메시 빌드중...
[2016.01.13-01.53.36:411][  0]LogStaticMesh: Built static mesh [0.003969.2s] /Game/HandPaintedEnvironment/Assets/Models/Log_1.Log_1
[2016.01.13-01.53.36:411][  0]LogStaticMesh: Log_3 스태틱 메시 빌드중...
[2016.01.13-01.53.36:413][  0]LogStaticMesh: Built static mesh [0.002391.2s] /Game/HandPaintedEnvironment/Assets/Models/Log_3.Log_3
[2016.01.13-01.53.36:414][  0]LogStaticMesh: Mill 스태틱 메시 빌드중...
[2016.01.13-01.53.36:504][  0]LogStaticMesh: Built static mesh [0.090721.2s] /Game/HandPaintedEnvironment/Assets/Models/Mill.Mill
[2016.01.13-01.53.36:507][  0]LogStaticMesh: Mill_wings 스태틱 메시 빌드중...
[2016.01.13-01.53.36:592][  0]LogStaticMesh: Built static mesh [0.084518.2s] /Game/HandPaintedEnvironment/Assets/Models/Mill_wings.Mill_wings
[2016.01.13-01.53.36:592][  0]LogStaticMesh: Mine 스태틱 메시 빌드중...
[2016.01.13-01.53.36:618][  0]LogStaticMesh: Built static mesh [0.026042.2s] /Game/HandPaintedEnvironment/Assets/Models/Mine.Mine
[2016.01.13-01.53.36:619][  0]LogStaticMesh: Mushroom_1 스태틱 메시 빌드중...
[2016.01.13-01.53.36:625][  0]LogStaticMesh: Built static mesh [0.005984.2s] /Game/HandPaintedEnvironment/Assets/Models/Mushroom_1.Mushroom_1
[2016.01.13-01.53.36:625][  0]LogStaticMesh: Mushroom_2 스태틱 메시 빌드중...
[2016.01.13-01.53.36:631][  0]LogStaticMesh: Built static mesh [0.006380.2s] /Game/HandPaintedEnvironment/Assets/Models/Mushroom_2.Mushroom_2
[2016.01.13-01.53.36:632][  0]LogStaticMesh: Mushroom_3 스태틱 메시 빌드중...
[2016.01.13-01.53.36:639][  0]LogStaticMesh: Built static mesh [0.007723.2s] /Game/HandPaintedEnvironment/Assets/Models/Mushroom_3.Mushroom_3
[2016.01.13-01.53.36:640][  0]LogStaticMesh: Mushroom_4 스태틱 메시 빌드중...
[2016.01.13-01.53.36:646][  0]LogStaticMesh: Built static mesh [0.006536.2s] /Game/HandPaintedEnvironment/Assets/Models/Mushroom_4.Mushroom_4
[2016.01.13-01.53.36:647][  0]LogStaticMesh: Pillar 스태틱 메시 빌드중...
[2016.01.13-01.53.36:653][  0]LogStaticMesh: Built static mesh [0.005870.2s] /Game/HandPaintedEnvironment/Assets/Models/Pillar.Pillar
[2016.01.13-01.53.36:653][  0]LogStaticMesh: Pine_tree 스태틱 메시 빌드중...
[2016.01.13-01.53.36:692][  0]LogStaticMesh: Built static mesh [0.038805.2s] /Game/HandPaintedEnvironment/Assets/Models/Pine_tree.Pine_tree
[2016.01.13-01.53.36:694][  0]LogStaticMesh: Pine_tree_2 스태틱 메시 빌드중...
[2016.01.13-01.53.36:722][  0]LogStaticMesh: Built static mesh [0.028108.2s] /Game/HandPaintedEnvironment/Assets/Models/Pine_tree_2.Pine_tree_2
[2016.01.13-01.53.36:723][  0]LogStaticMesh: Rock_4 스태틱 메시 빌드중...
[2016.01.13-01.53.36:729][  0]LogStaticMesh: Built static mesh [0.006159.2s] /Game/HandPaintedEnvironment/Assets/Models/Rock_4.Rock_4
[2016.01.13-01.53.36:729][  0]LogStaticMesh: Rock_3 스태틱 메시 빌드중...
[2016.01.13-01.53.36:736][  0]LogStaticMesh: Built static mesh [0.006497.2s] /Game/HandPaintedEnvironment/Assets/Models/Rock_3.Rock_3
[2016.01.13-01.53.36:743][  0]LogStaticMesh: Stone_fence 스태틱 메시 빌드중...
[2016.01.13-01.53.36:747][  0]LogStaticMesh: Built static mesh [0.004049.2s] /Game/HandPaintedEnvironment/Assets/Models/Stone_fence.Stone_fence
[2016.01.13-01.53.36:748][  0]LogStaticMesh: street_light 스태틱 메시 빌드중...
[2016.01.13-01.53.36:760][  0]LogStaticMesh: Built static mesh [0.012596.2s] /Game/HandPaintedEnvironment/Assets/Models/street_light.street_light
[2016.01.13-01.53.36:760][  0]LogStaticMesh: Stump 스태틱 메시 빌드중...
[2016.01.13-01.53.36:768][  0]LogStaticMesh: Built static mesh [0.007862.2s] /Game/HandPaintedEnvironment/Assets/Models/Stump.Stump
[2016.01.13-01.53.36:769][  0]LogStaticMesh: Tavern 스태틱 메시 빌드중...
[2016.01.13-01.53.36:875][  0]LogStaticMesh: Built static mesh [0.106320.2s] /Game/HandPaintedEnvironment/Assets/Models/Tavern.Tavern
[2016.01.13-01.53.36:875][  0]LogStaticMesh: Tile_3 스태틱 메시 빌드중...
[2016.01.13-01.53.36:883][  0]LogStaticMesh: Built static mesh [0.007947.2s] /Game/HandPaintedEnvironment/Assets/Models/Tile_3.Tile_3
[2016.01.13-01.53.36:883][  0]LogStaticMesh: Tile_2 스태틱 메시 빌드중...
[2016.01.13-01.53.36:888][  0]LogStaticMesh: Built static mesh [0.004424.2s] /Game/HandPaintedEnvironment/Assets/Models/Tile_2.Tile_2
[2016.01.13-01.53.36:888][  0]LogStaticMesh: Tile_4 스태틱 메시 빌드중...
[2016.01.13-01.53.36:893][  0]LogStaticMesh: Built static mesh [0.005000.2s] /Game/HandPaintedEnvironment/Assets/Models/Tile_4.Tile_4
[2016.01.13-01.53.36:893][  0]LogStaticMesh: Tile_1 스태틱 메시 빌드중...
[2016.01.13-01.53.36:898][  0]LogStaticMesh: Built static mesh [0.005276.2s] /Game/HandPaintedEnvironment/Assets/Models/Tile_1.Tile_1
[2016.01.13-01.53.36:901][  0]LogStaticMesh: Tile_5 스태틱 메시 빌드중...
[2016.01.13-01.53.36:904][  0]LogStaticMesh: Built static mesh [0.003413.2s] /Game/HandPaintedEnvironment/Assets/Models/Tile_5.Tile_5
[2016.01.13-01.53.36:904][  0]LogStaticMesh: Tile_6 스태틱 메시 빌드중...
[2016.01.13-01.53.36:908][  0]LogStaticMesh: Built static mesh [0.003536.2s] /Game/HandPaintedEnvironment/Assets/Models/Tile_6.Tile_6
[2016.01.13-01.53.36:908][  0]LogStaticMesh: Tile_7 스태틱 메시 빌드중...
[2016.01.13-01.53.36:912][  0]LogStaticMesh: Built static mesh [0.004134.2s] /Game/HandPaintedEnvironment/Assets/Models/Tile_7.Tile_7
[2016.01.13-01.53.36:914][  0]LogStaticMesh: Tower 스태틱 메시 빌드중...
[2016.01.13-01.53.36:940][  0]LogStaticMesh: Built static mesh [0.026762.2s] /Game/HandPaintedEnvironment/Assets/Models/Tower.Tower
[2016.01.13-01.53.36:943][  0]LogStaticMesh: Tree_4 스태틱 메시 빌드중...
[2016.01.13-01.53.36:964][  0]LogStaticMesh: Built static mesh [0.021206.2s] /Game/HandPaintedEnvironment/Assets/Models/Tree_4.Tree_4
[2016.01.13-01.53.36:965][  0]LogStaticMesh: Tree_1 스태틱 메시 빌드중...
[2016.01.13-01.53.36:987][  0]LogStaticMesh: Built static mesh [0.021611.2s] /Game/HandPaintedEnvironment/Assets/Models/Tree_1.Tree_1
[2016.01.13-01.53.36:987][  0]LogStaticMesh: Tree_2 스태틱 메시 빌드중...
[2016.01.13-01.53.37:007][  0]LogStaticMesh: Built static mesh [0.020370.2s] /Game/HandPaintedEnvironment/Assets/Models/Tree_2.Tree_2
[2016.01.13-01.53.37:008][  0]LogStaticMesh: Tree_2_1 스태틱 메시 빌드중...
[2016.01.13-01.53.37:036][  0]LogStaticMesh: Built static mesh [0.027538.2s] /Game/HandPaintedEnvironment/Assets/Models/Tree_2_1.Tree_2_1
[2016.01.13-01.53.37:037][  0]LogStaticMesh: Trolley 스태틱 메시 빌드중...
[2016.01.13-01.53.37:052][  0]LogStaticMesh: Built static mesh [0.015231.2s] /Game/HandPaintedEnvironment/Assets/Models/Trolley.Trolley
[2016.01.13-01.53.37:054][  0]LogStaticMesh: Wall_1 스태틱 메시 빌드중...
[2016.01.13-01.53.37:064][  0]LogStaticMesh: Built static mesh [0.010569.2s] /Game/HandPaintedEnvironment/Assets/Models/Wall_1.Wall_1
[2016.01.13-01.53.37:064][  0]LogStaticMesh: Wall_2 스태틱 메시 빌드중...
[2016.01.13-01.53.37:071][  0]LogStaticMesh: Built static mesh [0.006946.2s] /Game/HandPaintedEnvironment/Assets/Models/Wall_2.Wall_2
[2016.01.13-01.53.37:072][  0]LogStaticMesh: Well 스태틱 메시 빌드중...
[2016.01.13-01.53.37:091][  0]LogStaticMesh: Built static mesh [0.018721.2s] /Game/HandPaintedEnvironment/Assets/Models/Well.Well
[2016.01.13-01.53.37:092][  0]LogStaticMesh: Witch_house 스태틱 메시 빌드중...
[2016.01.13-01.53.37:225][  0]LogStaticMesh: Built static mesh [0.133653.2s] /Game/HandPaintedEnvironment/Assets/Models/Witch_house.Witch_house
[2016.01.13-01.53.37:232][  0]LogStaticMesh: Woodmill 스태틱 메시 빌드중...
[2016.01.13-01.53.37:388][  0]LogStaticMesh: Built static mesh [0.156546.2s] /Game/HandPaintedEnvironment/Assets/Models/Woodmill.Woodmill
[2016.01.13-01.53.37:389][  0]LogTexture:Display: 텍스처 빌드중: Texture2D_3 (BGRA8)
[2016.01.13-01.53.37:393][  0]LogTexture:Display: 텍스처 빌드중: Texture2D_4 (BGRA8)
[2016.01.13-01.53.37:394][  0]LogTexture:Display: 텍스처 빌드중: Texture2D_5 (BGRA8)
[2016.01.13-01.53.37:397][  0]LogTexture:Display: 텍스처 빌드중: Texture2D_6 (BGRA8)
[2016.01.13-01.53.37:512][  0]LogTexture:Display: 텍스처 빌드중: Boxes_texture (AutoDXT)
[2016.01.13-01.53.38:736][  0]LogTexture:Display: 텍스처 빌드중: Boxes_normal (BC5)
[2016.01.13-01.53.38:961][  0]LogMaterial: Missing cached shader map for material Boxes, compiling. 
[2016.01.13-01.53.39:252][  0]LogTexture:Display: 텍스처 빌드중: Barrel_texture (AutoDXT)
[2016.01.13-01.53.44:144][  0]LogTexture:Display: 텍스처 빌드중: Barrel_normal (BC5)
[2016.01.13-01.53.45:550][  0]LogTexture:Display: 텍스처 빌드중: T_Pal_Shoulders_side_Metallic (AutoDXT)
[2016.01.13-01.53.46:694][  0]LogTexture:Display: 텍스처 빌드중: T_Pal_Shoulders_NM (BC5)
[2016.01.13-01.53.47:610][  0]LogTexture:Display: 텍스처 빌드중: T_Dark_knight_shoulder_side_Color (AutoDXT)
[2016.01.13-01.53.48:943][  0]LogTexture:Display: 텍스처 빌드중: T_Pal_Shoulders_side_Roughness (AutoDXT)
[2016.01.13-01.53.50:017][  0]LogTexture:Display: 텍스처 빌드중: T_Sword_01_Normal (BC5)
[2016.01.13-01.53.50:636][  0]LogTexture:Display: 텍스처 빌드중: T_Sword_01_Metallic (AutoDXT)
[2016.01.13-01.53.51:244][  0]LogTexture:Display: 텍스처 빌드중: T_Sword_01_Color (AutoDXT)
[2016.01.13-01.53.53:803][  0]LogTexture:Display: 텍스처 빌드중: T_Sword_01_Roughness (AutoDXT)
[2016.01.13-01.53.54:502][  0]LogMaterial: Missing cached shader map for material M_Burst, compiling. 
[2016.01.13-01.53.54:549][  0]LogMaterial: Missing cached shader map for material M_explosion_subUV, compiling. 
[2016.01.13-01.53.54:559][  0]LogMaterial: Missing cached shader map for material M_smoke_subUV, compiling. 
[2016.01.13-01.53.54:658][  0]LogTexture:Display: 텍스처 빌드중: Grass_1_texture (AutoDXT)
[2016.01.13-01.53.56:615][  0]LogMaterial: Missing cached shader map for material Grass_1_mat, compiling. 
[2016.01.13-01.53.56:736][  0]LogTexture:Display: 텍스처 빌드중: Grass_2_texture (AutoDXT)
[2016.01.13-01.53.57:286][  0]LogMaterial: Missing cached shader map for material Grass_2_mat, compiling. 
[2016.01.13-01.53.57:766][  0]LogTexture:Display: 텍스처 빌드중: Lampposts_texture (AutoDXT)
[2016.01.13-01.54.02:949][  0]LogTexture:Display: 텍스처 빌드중: Lampposts_normal (BC5)
[2016.01.13-01.54.03:910][  0]LogMaterial: Missing cached shader map for material Lampposts, compiling. 
[2016.01.13-01.54.03:996][  0]LogTexture:Display: 텍스처 빌드중: Grass_3_texture (AutoDXT)
[2016.01.13-01.54.04:553][  0]LogMaterial: Missing cached shader map for material Grass_3_mat, compiling. 
[2016.01.13-01.54.04:603][  0]LogTexture:Display: 텍스처 빌드중: Awning_normal (BC5)
[2016.01.13-01.54.04:834][  0]LogTexture:Display: 텍스처 빌드중: Awning_texture (AutoDXT)
[2016.01.13-01.54.05:949][  0]LogMaterial: Missing cached shader map for material Awning, compiling. 
[2016.01.13-01.54.05:961][  0]LogMaterial: Missing cached shader map for material Barrel, compiling. 
[2016.01.13-01.54.06:290][  0]LogTexture:Display: 텍스처 빌드중: Cauldron_texture (AutoDXT)
[2016.01.13-01.54.14:059][  0]LogTexture:Display: 텍스처 빌드중: Cauldron_normal (BC5)
[2016.01.13-01.54.14:858][  0]LogMaterial: Missing cached shader map for material Cualdron, compiling. 
[2016.01.13-01.54.15:161][  0]LogTexture:Display: 텍스처 빌드중: Crystals_texture (AutoDXT)
[2016.01.13-01.54.19:403][  0]LogMaterial: Missing cached shader map for material Crystals, compiling. 
[2016.01.13-01.54.19:641][  0]LogTexture:Display: 텍스처 빌드중: Chest_texture (AutoDXT)
[2016.01.13-01.54.24:031][  0]LogTexture:Display: 텍스처 빌드중: Chest_normal (BC5)
[2016.01.13-01.54.24:705][  0]LogMaterial: Missing cached shader map for material Chest, compiling. 
[2016.01.13-01.54.24:897][  0]LogTexture:Display: 텍스처 빌드중: Plants_texture (AutoDXT)
[2016.01.13-01.54.28:896][  0]LogTexture:Display: 텍스처 빌드중: Plants_normal (BC5)
[2016.01.13-01.54.29:980][  0]LogTexture:Display: 텍스처 빌드중: Plants_alpha (AutoDXT)
[2016.01.13-01.54.30:644][  0]LogMaterial: Missing cached shader map for material Plants, compiling. 
[2016.01.13-01.54.31:071][  0]LogTexture:Display: 텍스처 빌드중: Log_stump_mushrooms_normal (BC5)
[2016.01.13-01.54.32:152][  0]LogTexture:Display: 텍스처 빌드중: Log_stump_mushrooms_texture (AutoDXT)
[2016.01.13-01.54.35:891][  0]LogMaterial: Missing cached shader map for material Log_stump_mushrooms, compiling. 
[2016.01.13-01.54.36:299][  0]LogTexture:Display: 텍스처 빌드중: Logs_texture (AutoDXT)
[2016.01.13-01.54.41:251][  0]LogTexture:Display: 텍스처 빌드중: Logs_normal (BC5)
[2016.01.13-01.54.41:950][  0]LogMaterial: Missing cached shader map for material Logs, compiling. 
[2016.01.13-01.54.42:162][  0]LogTexture:Display: 텍스처 빌드중: Mill_normal (BC5)
[2016.01.13-01.54.43:267][  0]LogTexture:Display: 텍스처 빌드중: Mill_texture (AutoDXT)
[2016.01.13-01.54.48:131][  0]LogMaterial: Missing cached shader map for material Mill, compiling. 
[2016.01.13-01.54.48:466][  0]LogTexture:Display: 텍스처 빌드중: Mine_normal (BC5)
[2016.01.13-01.54.49:773][  0]LogTexture:Display: 텍스처 빌드중: Mine_texture (AutoDXT)
[2016.01.13-01.54.53:392][  0]LogMaterial: Missing cached shader map for material Mine, compiling. 
[2016.01.13-01.54.53:709][  0]LogTexture:Display: 텍스처 빌드중: Pillars_arch_texture (AutoDXT)
[2016.01.13-01.54.57:427][  0]LogTexture:Display: 텍스처 빌드중: Pillars_arch_normal (BC5)
[2016.01.13-01.54.58:350][  0]LogMaterial: Missing cached shader map for material Pillars_arch, compiling. 
[2016.01.13-01.54.58:725][  0]LogTexture:Display: 텍스처 빌드중: Pine_tree_normal (BC5)
[2016.01.13-01.54.59:777][  0]LogTexture:Display: 텍스처 빌드중: Pine_tree_alpha (AutoDXT)
[2016.01.13-01.55.00:634][  0]LogTexture:Display: 텍스처 빌드중: Pine_tree_texture (AutoDXT)
[2016.01.13-01.55.05:456][  0]LogMaterial: Missing cached shader map for material Pine_tree, compiling. 
[2016.01.13-01.55.05:674][  0]LogTexture:Display: 텍스처 빌드중: Pine_tree_2_texture (AutoDXT)
[2016.01.13-01.55.10:545][  0]LogMaterial: Missing cached shader map for material Pine_tree_2, compiling. 
[2016.01.13-01.55.10:853][  0]LogTexture:Display: 텍스처 빌드중: Rocks_3_4_texture (AutoDXT)
[2016.01.13-01.55.14:991][  0]LogTexture:Display: 텍스처 빌드중: Rocks_3_4_normal (BC5)
[2016.01.13-01.55.15:952][  0]LogMaterial: Missing cached shader map for material Rocks_3_4, compiling. 
[2016.01.13-01.55.15:963][  0]LogMaterial: Missing cached shader map for material Small_house, compiling. 
[2016.01.13-01.55.16:342][  0]LogTexture:Display: 텍스처 빌드중: Stone_fence_normal (BC5)
[2016.01.13-01.55.17:358][  0]LogTexture:Display: 텍스처 빌드중: Stone_fence_texture (AutoDXT)
[2016.01.13-01.55.21:877][  0]LogMaterial: Missing cached shader map for material Stone_fence, compiling. 
[2016.01.13-01.55.22:289][  0]LogTexture:Display: 텍스처 빌드중: Street_light_texture (AutoDXT)
[2016.01.13-01.55.28:958][  0]LogTexture:Display: 텍스처 빌드중: Streetlight_normal (BC5)
[2016.01.13-01.55.29:840][  0]LogMaterial: Missing cached shader map for material Streetlight, compiling. 
[2016.01.13-01.55.30:147][  0]LogTexture:Display: 텍스처 빌드중: Tavern_normal (BC5)
[2016.01.13-01.55.31:214][  0]LogTexture:Display: 텍스처 빌드중: Tavern_texture (AutoDXT)
[2016.01.13-01.55.35:820][  0]LogMaterial: Missing cached shader map for material Tavern, compiling. 
[2016.01.13-01.55.36:163][  0]LogTexture:Display: 텍스처 빌드중: Stone_tiles_normal (BC5)
[2016.01.13-01.55.37:311][  0]LogTexture:Display: 텍스처 빌드중: Stone_tiles_texture (AutoDXT)
[2016.01.13-01.55.41:033][  0]LogMaterial: Missing cached shader map for material Tiles, compiling. 
[2016.01.13-01.55.41:384][  0]LogTexture:Display: 텍스처 빌드중: Ruined_tower_normal (BC5)
[2016.01.13-01.55.42:523][  0]LogTexture:Display: 텍스처 빌드중: Ruined_tower_texture (AutoDXT)
[2016.01.13-01.55.46:679][  0]LogMaterial: Missing cached shader map for material Ruined_tower, compiling. 
[2016.01.13-01.55.47:459][  0]LogTexture:Display: 텍스처 빌드중: Tree_1_1_texture (AutoDXT)
[2016.01.13-01.55.51:301][  0]LogTexture:Display: 텍스처 빌드중: Tree_1_normal (BC5)
[2016.01.13-01.55.52:143][  0]LogTexture:Display: 텍스처 빌드중: Tree_1_alpha (AutoDXT)
[2016.01.13-01.55.53:005][  0]LogMaterial: Missing cached shader map for material Tree_1_1, compiling. 
[2016.01.13-01.55.53:197][  0]LogTexture:Display: 텍스처 빌드중: Tree_2_1_texture (AutoDXT)
[2016.01.13-01.55.56:878][  0]LogTexture:Display: 텍스처 빌드중: Tree_2_normal (BC5)
[2016.01.13-01.55.57:573][  0]LogTexture:Display: 텍스처 빌드중: Tree_2_alpha (AutoDXT)
[2016.01.13-01.55.58:276][  0]LogMaterial: Missing cached shader map for material Tree_2_1, compiling. 
[2016.01.13-01.55.58:632][  0]LogTexture:Display: 텍스처 빌드중: Tree_1_2_texture (AutoDXT)
[2016.01.13-01.56.02:273][  0]LogMaterial: Missing cached shader map for material Tree_1_2, compiling. 
[2016.01.13-01.56.02:474][  0]LogTexture:Display: 텍스처 빌드중: Tree_2_2_texture (AutoDXT)
[2016.01.13-01.56.05:880][  0]LogMaterial: Missing cached shader map for material Tree_2_2, compiling. 
[2016.01.13-01.56.06:111][  0]LogTexture:Display: 텍스처 빌드중: Trolley_normal (BC5)
[2016.01.13-01.56.06:963][  0]LogTexture:Display: 텍스처 빌드중: Trolley_texture (AutoDXT)
[2016.01.13-01.56.10:130][  0]LogMaterial: Missing cached shader map for material Trolley, compiling. 
[2016.01.13-01.56.10:335][  0]LogTexture:Display: 텍스처 빌드중: Ruined_walls_normal (BC5)
[2016.01.13-01.56.11:147][  0]LogTexture:Display: 텍스처 빌드중: Ruined_walls_texture (AutoDXT)
[2016.01.13-01.56.14:655][  0]LogMaterial: Missing cached shader map for material Ruined_walls, compiling. 
[2016.01.13-01.56.15:090][  0]LogTexture:Display: 텍스처 빌드중: Well_normal (BC5)
[2016.01.13-01.56.16:333][  0]LogTexture:Display: 텍스처 빌드중: Well_texture (AutoDXT)
[2016.01.13-01.56.21:096][  0]LogMaterial: Missing cached shader map for material Well, compiling. 
[2016.01.13-01.56.21:319][  0]LogTexture:Display: 텍스처 빌드중: Witch_house_normal (BC5)
[2016.01.13-01.56.22:402][  0]LogTexture:Display: 텍스처 빌드중: Witch_house_texture (AutoDXT)
[2016.01.13-01.56.27:026][  0]LogMaterial: Missing cached shader map for material Witch_house, compiling. 
[2016.01.13-01.56.27:255][  0]LogTexture:Display: 텍스처 빌드중: Woodmill_normal (BC5)
[2016.01.13-01.56.28:365][  0]LogTexture:Display: 텍스처 빌드중: Woodmill (AutoDXT)
[2016.01.13-01.56.33:349][  0]LogMaterial: Missing cached shader map for material Woodmill, compiling. 
[2016.01.13-01.56.33:394][  0]LogAIModule: Creating AISystem for world NewMap
[2016.01.13-01.56.34:021][  0]LogEditorServer: Finished looking for orphan Actors (0.000 secs)
[2016.01.13-01.56.34:203][  0]Cmd: MAP CHECKDEP NOCLEARLOG
[2016.01.13-01.56.34:797][  0]MapCheck: 정보 맵 체크 완료: 오류 0 회, 경고 0 회, 소요 시간 593.614ms.
[2016.01.13-01.56.34:797][  0]LogFileHelpers: Loading map 'NewMap' took 244.302
[2016.01.13-01.56.35:240][  0]LogCollectionManager: Loaded 0 collections in 0.001885 seconds
[2016.01.13-01.56.35:350][  0]LogFileCache: Scanning file cache for directory 'F:/실무/Hero/Project (1) 4.10/Saved/Collections/' took 0.02s
[2016.01.13-01.56.35:350][  0]LogFileCache: Scanning file cache for directory 'F:/실무/Hero/Project (1) 4.10/Content/Developers/SGH/Collections/' took 0.01s
[2016.01.13-01.56.35:350][  0]LogFileCache: Scanning file cache for directory 'F:/실무/Hero/Project (1) 4.10/Content/Collections/' took 0.02s
[2016.01.13-01.56.35:350][  0]LogCollectionManager: Rebuilt the GUID cache for 0 collections in 0.000005 seconds
[2016.01.13-01.56.35:396][  0]LogContentBrowser: Native class hierarchy populated in 0.0453 seconds. Added 1900 classes and 340 folders.
[2016.01.13-01.56.35:541][  0]LogContentBrowser: Native class hierarchy updated for 'WidgetCarousel' in 0.0005 seconds. Added 0 classes and 0 folders.
[2016.01.13-01.56.35:845][  0]LogContentBrowser: Native class hierarchy updated for 'AddContentDialog' in 0.0004 seconds. Added 0 classes and 0 folders.
[2016.01.13-01.56.35:900][  0]LogContentBrowser: Native class hierarchy updated for 'SceneOutliner' in 0.0005 seconds. Added 1 classes and 2 folders.
[2016.01.13-01.56.36:010][  0]LogCrashTracker: Crashtracker disabled due to settings.
[2016.01.13-01.56.36:213][  0]LogUObjectGlobals:Warning: 'Class 없음.' 오브젝트를 찾는 데 실패했습니다.
[2016.01.13-01.56.36:235][  0]LogLoad: Full Startup: 254.38 seconds (BP compile: 0.40 seconds)
[2016.01.13-01.56.36:252][  0]LogOcInput: Can't find Oculus library dev build: is proper Runtime installed? Version: 0.8.0.0
[2016.01.13-01.56.36:419][  0]LogContentStreaming: Texture pool size now 1000 MB
[2016.01.13-01.56.36:654][  0]LogRenderer: Reallocating scene render targets to support 1156x600 (Frame:2).
[2016.01.13-01.56.36:738][  1]Cmd: UpdateLandscapeEditorData -warnings
[2016.01.13-01.56.41:280][ 11]LogAssetRegistry: Asset discovery search completed in 251.9886 seconds
[2016.01.13-01.56.41:280][ 11]LogCollectionManager: Rebuilt the object cache for 0 collections in 0.000002 seconds (found 0 objects)
[2016.01.13-01.56.41:280][ 11]LogCollectionManager: Fixed up redirectors for 0 collections in 0.000020 seconds (updated 0 objects)
[2016.01.13-02.01.55:164][326]Cmd: QUIT_EDITOR
[2016.01.13-02.01.55:341][326]LogExit: Preparing to exit.
[2016.01.13-02.01.56:477][326]LogExit: Editor shut down
[2016.01.13-02.01.56:477][326]LogExit: Transaction tracking system shut down
[2016.01.13-02.01.56:509][326]LogParticles: Destroying 0 GPU particle simulations for FXSystem 0x0000000079C05300
[2016.01.13-02.01.56:512][326]LogParticles: Destroying 0 GPU particle simulations for FXSystem 0x00000000396C4860
[2016.01.13-02.01.56:513][326]LogParticles: Destroying 0 GPU particle simulations for FXSystem 0x0000000033BD59E0
[2016.01.13-02.01.56:513][326]LogParticles: Destroying 0 GPU particle simulations for FXSystem 0x0000000038B3F240
[2016.01.13-02.01.56:916][326]LogExit: Object subsystem successfully closed.
[2016.01.13-02.01.56:962][326]LogD3D11RHI: Shutdown
[2016.01.13-02.01.56:962][326]LogD3D11RHI: CleanupD3DDevice
[2016.01.13-02.01.57:030][326]LogD3D11RHI: ~FD3D11DynamicRHI
[2016.01.13-02.01.57:235][326]LogModuleManager: Shutting down and abandoning module CrashTracker (199)
[2016.01.13-02.01.57:236][326]LogModuleManager: Shutting down and abandoning module SceneOutliner (198)
[2016.01.13-02.01.57:236][326]LogModuleManager: Shutting down and abandoning module SuperSearch (197)
[2016.01.13-02.01.57:236][326]LogModuleManager: Shutting down and abandoning module WidgetCarousel (196)
[2016.01.13-02.01.57:236][326]LogModuleManager: Shutting down and abandoning module AddContentDialog (195)
[2016.01.13-02.01.57:237][326]LogModuleManager: Shutting down and abandoning module EditorWidgets (194)
[2016.01.13-02.01.57:237][326]LogModuleManager: Shutting down and abandoning module CollectionManager (193)
[2016.01.13-02.01.57:243][326]LogModuleManager: Shutting down and abandoning module StatsViewer (192)
[2016.01.13-02.01.57:243][326]LogModuleManager: Shutting down and abandoning module FoliageEdit (191)
[2016.01.13-02.01.57:243][326]LogModuleManager: Shutting down and abandoning module LandscapeEditor (190)
[2016.01.13-02.01.57:270][326]LogModuleManager: Shutting down and abandoning module ActorPickerMode (189)
[2016.01.13-02.01.57:271][326]LogModuleManager: Shutting down and abandoning module GeometryMode (188)
[2016.01.13-02.01.57:271][326]LogModuleManager: Shutting down and abandoning module TextureAlignMode (187)
[2016.01.13-02.01.57:271][326]LogModuleManager: Shutting down and abandoning module BspMode (186)
[2016.01.13-02.01.57:271][326]LogModuleManager: Shutting down and abandoning module PlacementMode (185)
[2016.01.13-02.01.57:271][326]LogModuleManager: Shutting down and abandoning module AutomationWorker (184)
[2016.01.13-02.01.57:271][326]LogModuleManager: Shutting down and abandoning module CharacterAI (183)
[2016.01.13-02.01.57:271][326]LogModuleManager: Shutting down and abandoning module SmartSnapping (182)
[2016.01.13-02.01.57:271][326]LogModuleManager: Shutting down and abandoning module ViewportSnapping (181)
[2016.01.13-02.01.57:271][326]LogModuleManager: Shutting down and abandoning module LogVisualizer (180)
[2016.01.13-02.01.57:271][326]LogModuleManager: Shutting down and abandoning module GameProjectGeneration (179)
[2016.01.13-02.01.57:283][326]LogModuleManager: Shutting down and abandoning module IntroTutorials (178)
[2016.01.13-02.01.57:283][326]LogModuleManager: Shutting down and abandoning module EditorLiveStreaming (177)
[2016.01.13-02.01.57:283][326]LogModuleManager: Shutting down and abandoning module IOSPlatformEditor (176)
[2016.01.13-02.01.57:283][326]LogModuleManager: Shutting down and abandoning module HTML5PlatformEditor (175)
[2016.01.13-02.01.57:283][326]LogModuleManager: Shutting down and abandoning module AndroidDeviceDetection (174)
[2016.01.13-02.01.57:915][326]LogModuleManager: Shutting down and abandoning module AndroidPlatformEditor (173)
[2016.01.13-02.01.57:915][326]LogModuleManager: Shutting down and abandoning module IOSRuntimeSettings (172)
[2016.01.13-02.01.57:915][326]LogModuleManager: Shutting down and abandoning module AndroidRuntimeSettings (171)
[2016.01.13-02.01.57:915][326]LogModuleManager: Shutting down and abandoning module MergeActors (170)
[2016.01.13-02.01.57:915][326]LogModuleManager: Shutting down and abandoning module SizeMap (169)
[2016.01.13-02.01.57:915][326]LogModuleManager: Shutting down and abandoning module TreeMap (168)
[2016.01.13-02.01.57:915][326]LogModuleManager: Shutting down and abandoning module ReferenceViewer (167)
[2016.01.13-02.01.57:915][326]LogModuleManager: Shutting down and abandoning module LocalizationService (166)
[2016.01.13-02.01.57:915][326]LogModuleManager: Shutting down and abandoning module LocalizationDashboard (165)
[2016.01.13-02.01.57:925][326]LogModuleManager: Shutting down and abandoning module HardwareTargeting (164)
[2016.01.13-02.01.57:925][326]LogModuleManager: Shutting down and abandoning module DeviceProfileEditor (163)
[2016.01.13-02.01.57:925][326]LogModuleManager: Shutting down and abandoning module UndoHistory (162)
[2016.01.13-02.01.57:925][326]LogModuleManager: Shutting down and abandoning module GameplayTagsEditor (161)
[2016.01.13-02.01.57:925][326]LogModuleManager: Shutting down and abandoning module UserFeedback (160)
[2016.01.13-02.01.57:925][326]LogModuleManager: Shutting down and abandoning module XmlParser (159)
[2016.01.13-02.01.57:925][326]LogModuleManager: Shutting down and abandoning module Blutility (158)
[2016.01.13-02.01.57:925][326]LogModuleManager: Shutting down and abandoning module ProjectTargetPlatformEditor (157)
[2016.01.13-02.01.57:926][326]LogModuleManager: Shutting down and abandoning module ProjectSettingsViewer (156)
[2016.01.13-02.01.57:926][326]LogModuleManager: Shutting down and abandoning module InputBindingEditor (155)
[2016.01.13-02.01.57:948][326]LogModuleManager: Shutting down and abandoning module EditorSettingsViewer (154)
[2016.01.13-02.01.57:948][326]LogModuleManager: Shutting down and abandoning module SettingsEditor (153)
[2016.01.13-02.01.57:948][326]LogModuleManager: Shutting down and abandoning module ProjectLauncher (152)
[2016.01.13-02.01.57:954][326]LogModuleManager: Shutting down and abandoning module SessionFrontend (151)
[2016.01.13-02.01.57:954][326]LogModuleManager: Shutting down and abandoning module ProfilerClient (150)
[2016.01.13-02.01.57:954][326]LogModuleManager: Shutting down and abandoning module TargetDeviceServices (149)
[2016.01.13-02.01.57:954][326]LogModuleManager: Shutting down and abandoning module DeviceManager (148)
[2016.01.13-02.01.57:954][326]LogModuleManager: Shutting down and abandoning module AutomationController (147)
[2016.01.13-02.01.57:954][326]LogModuleManager: Shutting down and abandoning module AutomationWindow (146)
[2016.01.13-02.01.57:968][326]LogModuleManager: Shutting down and abandoning module Layers (145)
[2016.01.13-02.01.57:981][326]LogModuleManager: Shutting down and abandoning module ComponentVisualizers (144)
[2016.01.13-02.01.57:981][326]LogModuleManager: Shutting down and abandoning module DetailCustomizations (143)
[2016.01.13-02.01.57:994][326]LogModuleManager: Shutting down and abandoning module PackagesDialog (142)
[2016.01.13-02.01.57:994][326]LogModuleManager: Shutting down and abandoning module Persona (141)
[2016.01.13-02.01.58:011][326]LogModuleManager: Shutting down and abandoning module Kismet (140)
[2016.01.13-02.01.58:011][326]LogModuleManager: Shutting down and abandoning module GraphEditor (139)
[2016.01.13-02.01.58:039][326]LogModuleManager: Shutting down and abandoning module ClassViewer (138)
[2016.01.13-02.01.58:040][326]LogModuleManager: Shutting down and abandoning module Toolbox (137)
[2016.01.13-02.01.58:040][326]LogModuleManager: Shutting down and abandoning module ModuleUI (136)
[2016.01.13-02.01.58:040][326]LogModuleManager: Shutting down and abandoning module MovieSceneTools (135)
[2016.01.13-02.01.58:040][326]LogModuleManager: Shutting down and abandoning module OutputLog (134)
[2016.01.13-02.01.58:040][326]LogModuleManager: Shutting down and abandoning module GammaUI (133)
[2016.01.13-02.01.58:040][326]LogModuleManager: Shutting down and abandoning module Documentation (132)
[2016.01.13-02.01.58:040][326]LogModuleManager: Shutting down and abandoning module GameLiveStreaming (131)
[2016.01.13-02.01.58:040][326]LogModuleManager: Shutting down and abandoning module StreamingPauseRendering (130)
[2016.01.13-02.01.58:040][326]LogModuleManager: Shutting down and abandoning module AnalyticsET (129)
[2016.01.13-02.01.58:040][326]LogModuleManager: Shutting down and abandoning module Analytics (128)
[2016.01.13-02.01.58:040][326]LogModuleManager: Shutting down and abandoning module AITestSuite (127)
[2016.01.13-02.01.58:040][326]LogModuleManager: Shutting down and abandoning module GameplayDebugger (126)
[2016.01.13-02.01.58:040][326]LogModuleManager: Shutting down and abandoning module AIModule (125)
[2016.01.13-02.01.58:040][326]LogModuleManager: Shutting down and abandoning module ProfilerService (124)
[2016.01.13-02.01.58:173][326]LogModuleManager: Shutting down and abandoning module TaskGraph (123)
[2016.01.13-02.01.58:181][326]LogModuleManager: Shutting down and abandoning module SlateRemote (122)
[2016.01.13-02.01.58:182][326]LogModuleManager: Shutting down and abandoning module SteamVRController (121)
[2016.01.13-02.01.58:182][326]LogModuleManager: Shutting down and abandoning module SteamVR (120)
[2016.01.13-02.01.58:182][326]LogModuleManager: Shutting down and abandoning module ProceduralMeshComponent (119)
[2016.01.13-02.01.58:182][326]LogModuleManager: Shutting down and abandoning module OculusLibrary (118)
[2016.01.13-02.01.58:182][326]LogModuleManager: Shutting down and abandoning module OculusInput (117)
[2016.01.13-02.01.58:182][326]LogModuleManager: Shutting down and abandoning module LeapMotionController (116)
[2016.01.13-02.01.58:191][326]LogModuleManager: Shutting down and abandoning module CustomMeshComponent (115)
[2016.01.13-02.01.58:191][326]LogModuleManager: Shutting down and abandoning module CableComponent (114)
[2016.01.13-02.01.58:191][326]LogModuleManager: Shutting down and abandoning module ArchVisCharacter (113)
[2016.01.13-02.01.58:191][326]LogModuleManager: Shutting down and abandoning module MessagingDebugger (112)
[2016.01.13-02.01.58:206][326]LogModuleManager: Shutting down and abandoning module MediaPlayerEditor (111)
[2016.01.13-02.01.58:211][326]LogModuleManager: Shutting down and abandoning module HTML5Networking (110)
[2016.01.13-02.01.58:211][326]LogModuleManager: Shutting down and abandoning module SpeedTreeImporter (109)
[2016.01.13-02.01.58:211][326]LogModuleManager: Shutting down and abandoning module PluginBrowser (108)
[2016.01.13-02.01.58:213][326]LogModuleManager: Shutting down and abandoning module EpicSurvey (107)
[2016.01.13-02.01.58:213][326]LogModuleManager: Shutting down and abandoning module DesktopPlatform (106)
[2016.01.13-02.01.58:213][326]LogModuleManager: Shutting down and abandoning module VisualStudioSourceCodeAccess (105)
[2016.01.13-02.01.58:213][326]LogModuleManager: Shutting down and abandoning module UObjectPlugin (104)
[2016.01.13-02.01.58:213][326]LogModuleManager: Shutting down and abandoning module SubversionSourceControl (103)
[2016.01.13-02.01.58:213][326]LogModuleManager: Shutting down and abandoning module PerforceSourceControl (102)
[2016.01.13-02.01.58:218][326]LogModuleManager: Shutting down and abandoning module SourceControl (101)
[2016.01.13-02.01.58:227][326]LogModuleManager: Shutting down and abandoning module GitSourceControl (100)
[2016.01.13-02.01.58:240][326]LogModuleManager: Shutting down and abandoning module LightPropagationVolumeEditor (99)
[2016.01.13-02.01.58:240][326]LogModuleManager: Shutting down and abandoning module PaperTiledImporter (98)
[2016.01.13-02.01.58:240][326]LogModuleManager: Shutting down and abandoning module PaperSpriteSheetImporter (97)
[2016.01.13-02.01.58:240][326]LogModuleManager: Shutting down and abandoning module MeshPaint (96)
[2016.01.13-02.01.58:240][326]LogModuleManager: Shutting down and abandoning module SlateReflector (95)
[2016.01.13-02.01.58:253][326]LogModuleManager: Shutting down and abandoning module HotReload (94)
[2016.01.13-02.01.58:253][326]LogModuleManager: Shutting down and abandoning module MainFrame (93)
[2016.01.13-02.01.58:253][326]LogModuleManager: Shutting down and abandoning module LevelEditor (92)
[2016.01.13-02.01.58:265][326]LogModuleManager: Shutting down and abandoning module DirectoryWatcher (91)
[2016.01.13-02.01.58:266][326]LogModuleManager: Shutting down and abandoning module AssetRegistry (90)
[2016.01.13-02.01.58:414][326]LogModuleManager: Shutting down and abandoning module ContentBrowser (89)
[2016.01.13-02.01.58:415][326]LogModuleManager: Shutting down and abandoning module Paper2DEditor (88)
[2016.01.13-02.01.58:428][326]LogModuleManager: Shutting down and abandoning module UdpMessaging (87)
[2016.01.13-02.01.58:528][326]LogModuleManager: Shutting down and abandoning module LightPropagationVolumeRuntime (86)
[2016.01.13-02.01.58:528][326]LogModuleManager: Shutting down and abandoning module Paper2D (85)
[2016.01.13-02.01.58:528][326]LogModuleManager: Shutting down and abandoning module WindowsMoviePlayer (84)
[2016.01.13-02.01.58:532][326]LogModuleManager: Shutting down and abandoning module Media (83)
[2016.01.13-02.01.58:532][326]LogModuleManager: Shutting down and abandoning module WmfMedia (82)
[2016.01.13-02.01.58:534][326]LogModuleManager: Shutting down and abandoning module OnlineBlueprintSupport (81)
[2016.01.13-02.01.58:534][326]LogModuleManager: Shutting down and abandoning module EnvironmentQueryEditor (80)
[2016.01.13-02.01.58:545][326]LogModuleManager: Shutting down and abandoning module GameplayTasksEditor (79)
[2016.01.13-02.01.58:545][326]LogModuleManager: Shutting down and abandoning module PropertyEditor (78)
[2016.01.13-02.01.58:550][326]LogModuleManager: Shutting down and abandoning module BehaviorTreeEditor (77)
[2016.01.13-02.01.58:560][326]LogModuleManager: Shutting down and abandoning module FunctionalTesting (76)
[2016.01.13-02.01.58:560][326]LogModuleManager: Shutting down and abandoning module CollisionAnalyzer (75)
[2016.01.13-02.01.58:560][326]LogModuleManager: Shutting down and abandoning module WorkspaceMenuStructure (74)
[2016.01.13-02.01.58:560][326]LogModuleManager: Shutting down and abandoning module MessageLog (73)
[2016.01.13-02.01.58:560][326]LogModuleManager: Shutting down and abandoning module Sequencer (72)
[2016.01.13-02.01.58:570][326]LogModuleManager: Shutting down and abandoning module AssetTools (71)
[2016.01.13-02.01.58:596][326]LogModuleManager: Shutting down and abandoning module UMGEditor (70)
[2016.01.13-02.01.58:622][326]LogModuleManager: Shutting down and abandoning module UMG (69)
[2016.01.13-02.01.58:640][326]LogModuleManager: Shutting down and abandoning module Slate (68)
[2016.01.13-02.01.58:640][326]LogModuleManager: Shutting down and abandoning module EditorStyle (67)
[2016.01.13-02.01.58:642][326]LogModuleManager: Shutting down and abandoning module SessionServices (66)
[2016.01.13-02.01.58:642][326]LogModuleManager: Shutting down and abandoning module SourceCodeAccess (65)
[2016.01.13-02.01.58:642][326]LogModuleManager: Shutting down and abandoning module HeadMountedDisplay (64)
[2016.01.13-02.01.58:642][326]LogModuleManager: Shutting down and abandoning module XAudio2 (63)
[2016.01.13-02.01.58:642][326]LogModuleManager: Shutting down and abandoning module Networking (61)
[2016.01.13-02.01.58:642][326]LogModuleManager: Shutting down and abandoning module Core (60)
[2016.01.13-02.01.58:642][326]LogModuleManager: Shutting down and abandoning module KismetCompiler (59)
[2016.01.13-02.01.58:642][326]LogModuleManager: Shutting down and abandoning module PhysXFormats (58)
[2016.01.13-02.01.58:642][326]LogModuleManager: Shutting down and abandoning module MeshUtilities (57)
[2016.01.13-02.01.58:642][326]LogModuleManager: Shutting down and abandoning module DerivedDataCache (56)
[2016.01.13-02.01.58:696][326]LogDerivedDataCache: Shutdown
[2016.01.13-02.01.58:696][326]LogModuleManager: Shutting down and abandoning module ShaderFormatOpenGL (55)
[2016.01.13-02.01.58:696][326]LogModuleManager: Shutting down and abandoning module ShaderFormatD3D (54)
[2016.01.13-02.01.58:696][326]LogModuleManager: Shutting down and abandoning module MetalShaderFormat (53)
[2016.01.13-02.01.58:696][326]LogModuleManager: Shutting down and abandoning module TextureFormatUncompressed (52)
[2016.01.13-02.01.58:696][326]LogModuleManager: Shutting down and abandoning module TextureFormatPVR (51)
[2016.01.13-02.01.58:696][326]LogModuleManager: Shutting down and abandoning module TextureFormatIntelISPCTexComp (50)
[2016.01.13-02.01.58:696][326]LogModuleManager: Shutting down and abandoning module TextureFormatDXT (49)
[2016.01.13-02.01.58:696][326]LogModuleManager: Shutting down and abandoning module ImageWrapper (48)
[2016.01.13-02.01.58:696][326]LogModuleManager: Shutting down and abandoning module TextureFormatASTC (47)
[2016.01.13-02.01.58:696][326]LogModuleManager: Shutting down and abandoning module TextureFormatAndroid (46)
[2016.01.13-02.01.58:696][326]LogModuleManager: Shutting down and abandoning module AudioFormatOpus (45)
[2016.01.13-02.01.58:696][326]LogModuleManager: Shutting down and abandoning module AudioFormatOgg (44)
[2016.01.13-02.01.58:696][326]LogModuleManager: Shutting down and abandoning module AudioFormatADPCM (43)
[2016.01.13-02.01.58:696][326]LogModuleManager: Shutting down and abandoning module LinuxTargetPlatform (42)
[2016.01.13-02.01.58:696][326]LogModuleManager: Shutting down and abandoning module LinuxServerTargetPlatform (41)
[2016.01.13-02.01.58:696][326]LogModuleManager: Shutting down and abandoning module LinuxNoEditorTargetPlatform (40)
[2016.01.13-02.01.58:696][326]LogModuleManager: Shutting down and abandoning module Messaging (39)
[2016.01.13-02.01.58:696][326]LogModuleManager: Shutting down and abandoning module IOSTargetPlatform (38)
[2016.01.13-02.01.58:696][326]LogModuleManager: Shutting down and abandoning module HTML5TargetPlatform (37)
[2016.01.13-02.01.58:696][326]LogModuleManager: Shutting down and abandoning module Android_PVRTCTargetPlatform (36)
[2016.01.13-02.01.58:696][326]LogModuleManager: Shutting down and abandoning module Android_MultiTargetPlatform (35)
[2016.01.13-02.01.58:696][326]LogModuleManager: Shutting down and abandoning module Android_ETC2TargetPlatform (34)
[2016.01.13-02.01.58:696][326]LogModuleManager: Shutting down and abandoning module Android_ETC1TargetPlatform (33)
[2016.01.13-02.01.58:696][326]LogModuleManager: Shutting down and abandoning module Android_DXTTargetPlatform (32)
[2016.01.13-02.01.58:696][326]LogModuleManager: Shutting down and abandoning module Android_ATCTargetPlatform (31)
[2016.01.13-02.01.58:696][326]LogModuleManager: Shutting down and abandoning module Android_ASTCTargetPlatform (30)
[2016.01.13-02.01.58:696][326]LogModuleManager: Shutting down and abandoning module AndroidTargetPlatform (29)
[2016.01.13-02.01.58:696][326]LogModuleManager: Shutting down and abandoning module WindowsTargetPlatform (28)
[2016.01.13-02.01.58:696][326]LogModuleManager: Shutting down and abandoning module WindowsServerTargetPlatform (27)
[2016.01.13-02.01.58:696][326]LogModuleManager: Shutting down and abandoning module WindowsNoEditorTargetPlatform (26)
[2016.01.13-02.01.58:696][326]LogModuleManager: Shutting down and abandoning module WindowsClientTargetPlatform (25)
[2016.01.13-02.01.58:696][326]LogModuleManager: Shutting down and abandoning module AllDesktopTargetPlatform (24)
[2016.01.13-02.01.58:696][326]LogModuleManager: Shutting down and abandoning module TargetPlatform (23)
[2016.01.13-02.01.58:696][326]LogModuleManager: Shutting down and abandoning module InputCore (22)
[2016.01.13-02.01.58:696][326]LogModuleManager: Shutting down and abandoning module Settings (21)
[2016.01.13-02.01.58:697][326]LogModuleManager: Shutting down and abandoning module OnlineSubsystem (19)
[2016.01.13-02.01.58:697][326]LogModuleManager: Shutting down and abandoning module HTTP (18)
[2016.01.13-02.02.00:698][326]LogModuleManager: Shutting down and abandoning module XMPP (17)
[2016.01.13-02.02.00:712][326]LogModuleManager: Shutting down and abandoning module OculusRift (16)
[2016.01.13-02.02.00:712][326]LogModuleManager: Shutting down and abandoning module ExampleDeviceProfileSelector (15)
[2016.01.13-02.02.00:712][326]LogModuleManager: Shutting down and abandoning module TextureCompressor (14)
[2016.01.13-02.02.00:712][326]LogModuleManager: Shutting down and abandoning module ShaderCore (13)
[2016.01.13-02.02.00:712][326]LogModuleManager: Shutting down and abandoning module Landscape (12)
[2016.01.13-02.02.00:712][326]LogModuleManager: Shutting down and abandoning module SlateRHIRenderer (11)
[2016.01.13-02.02.00:714][326]LogModuleManager: Shutting down and abandoning module OpenGLDrv (10)
[2016.01.13-02.02.00:722][326]LogModuleManager: Shutting down and abandoning module D3D11RHI (9)
[2016.01.13-02.02.00:722][326]LogModuleManager: Shutting down and abandoning module AnimGraphRuntime (8)
[2016.01.13-02.02.00:722][326]LogModuleManager: Shutting down and abandoning module Renderer (7)
[2016.01.13-02.02.00:722][326]LogModuleManager: Shutting down and abandoning module Engine (6)
[2016.01.13-02.02.00:722][326]LogModuleManager: Shutting down and abandoning module CoreUObject (5)
[2016.01.13-02.02.00:722][326]LogModuleManager: Shutting down and abandoning module NetworkFile (4)
[2016.01.13-02.02.00:722][326]LogModuleManager: Shutting down and abandoning module StreamingFile (3)
[2016.01.13-02.02.00:722][326]LogModuleManager: Shutting down and abandoning module SandboxFile (2)
[2016.01.13-02.02.00:722][326]LogModuleManager: Shutting down and abandoning module PakFile (1)
[2016.01.13-02.02.00:724][326]LogExit: Exiting.
[2016.01.13-02.02.00:744][326]Log file closed, 01/13/16 11:02:00
