"../../../Project/Content/LowPolySkeleton/Skeleton_Mage/skeleton_mage_Skeleton.uasset" 0
"../../../Project/Content/LowPolySkeleton/Skeleton_Mage/Anims/mage_idle_1.uasset" 1
"../../../Project/Content/LowPolySkeleton/Skeleton_Mage/Anims/AnimBP_Mage.uasset" 2
"../../../Project/Content/AI/FollowerBlackboard.uasset" 3
"../../../Engine/Content/EditorBlueprintResources/StandardMacros.uasset" 4
"../../../Project/Content/AI/AgroCheck.uasset" 5
"../../../Project/Content/AI/CloseEnough.uasset" 6
"../../../Engine/Content/BasicShapes/BasicShapeMaterial.uasset" 7
"../../../Engine/Content/Functions/Engine_MaterialFunctions01/Opacity/CameraDepthFade.uasset" 8
"../../../Engine/Content/EngineMaterials/T_Default_Material_Grid_M.uasset" 9
"../../../Engine/Content/EngineMaterials/T_Default_Material_Grid_N.uasset" 10
"../../../Engine/Content/EngineMaterials/DefaultMaterial.uasset" 11
"../../../Engine/Content/BasicShapes/Sphere.uasset" 12
"../../../Project/Content/Bluprint/Projectile.uasset" 13
"../../../Project/Content/AI/RapidMoveTo.uasset" 14
"../../../Project/Content/AI/FollowerBT.uasset" 15
"../../../Project/Content/AI/Follower_AI_CON.uasset" 16
"../../../Project/Content/LowPolySkeleton/Skeleton_Grunt/Textures/skel_base_col.uasset" 17
"../../../Project/Content/LowPolySkeleton/Skeleton_Grunt/Textures/skel_base_col_N.uasset" 18
"../../../Project/Content/LowPolySkeleton/Skeleton_Grunt/Textures/T_Skel_Grunt_M.uasset" 19
"../../../Project/Content/LowPolySkeleton/Skeleton_Grunt/Materials/M_Skel_Base.uasset" 20
"../../../Project/Content/LowPolySkeleton/Skeleton_Mage/Textures/Skel_Mage.uasset" 21
"../../../Project/Content/LowPolySkeleton/Skeleton_Mage/Textures/Skel_Mage_N.uasset" 22
"../../../Project/Content/LowPolySkeleton/Skeleton_Mage/Textures/T_Skel_Mage_M.uasset" 23
"../../../Project/Content/LowPolySkeleton/Skeleton_Mage/Materials/M_Skel_Mage.uasset" 24
"../../../Project/Content/LowPolySkeleton/Skeleton_Mage/skeleton_mage_PhysicsAsset.uasset" 25
"../../../Project/Content/LowPolySkeleton/Skeleton_Mage/skeleton_mage.uasset" 26
"../../../Project/Content/AI/AI_Character.uasset" 27
"../../../Project/Content/HandPaintedEnvironment/Assets/Textures/Town_Hall_normal.uasset" 28
"../../../Project/Content/HandPaintedEnvironment/Assets/Textures/Town_Hall_texture.uasset" 29
"../../../Project/Content/HandPaintedEnvironment/Assets/Materials/TownHall.uasset" 30
"../../../Project/Content/HandPaintedEnvironment/Assets/Models/Town_Hall.uasset" 31
"../../../Project/Content/Bluprint/TownHoll.uasset" 32
"../../../Engine/Content/EngineSky/C_Sky_Cloud_Color.uasset" 33
"../../../Engine/Content/EngineSky/C_Sky_Horizon_Color.uasset" 34
"../../../Engine/Content/EngineSky/C_Sky_Zenith_Color.uasset" 35
"../../../Engine/Content/EngineSky/T_Sky_Blue.uasset" 36
"../../../Engine/Content/EngineSky/T_Sky_Clouds_M.uasset" 37
"../../../Engine/Content/EngineSky/T_Sky_Stars.uasset" 38
"../../../Engine/Content/EngineSky/SM_SkySphere.uasset" 39
"../../../Engine/Content/EngineSky/M_Sky_Panning_Clouds2.uasset" 40
"../../../Engine/Content/EngineSky/BP_Sky_Sphere.uasset" 41
"../../../Engine/Content/EngineMaterials/WorldGridMaterial.uasset" 42
"../../../Engine/Content/BasicShapes/Cube.uasset" 43
"../../../Project/Content/Bluprint/Example.uasset" 44
"../../../Engine/Content/EngineMeshes/Humanoid.uasset" 45
"../../../Project/Content/ChibiHeroFemalePack/Textures/T_CM_skirt_OP.uasset" 46
"../../../Project/Content/ChibiHeroFemalePack/Textures/T_cPriest2_head_BaseColor.uasset" 47
"../../../Project/Content/ChibiHeroFemalePack/Textures/T_cPriest2_head_Roughness.uasset" 48
"../../../Project/Content/ChibiHeroFemalePack/Textures/T_Plain_Metallic.uasset" 49
"../../../Project/Content/ChibiHeroFemalePack/Textures/T_Plain_NM.uasset" 50
"../../../Project/Content/ChibiHeroFemalePack/Textures/T_staff01_cristal_ball_Opacity.uasset" 51
"../../../Project/Content/ChibiHeroFemalePack/Materials/M_ChibiF_master.uasset" 52
"../../../Project/Content/ChibiHeroFemalePack/Textures/T_baseFBX_cuerpo_BaseColor.uasset" 53
"../../../Project/Content/ChibiHeroFemalePack/Textures/T_baseFBX_cuerpo_Roughness.uasset" 54
"../../../Project/Content/ChibiHeroFemalePack/Materials/Instance/Body_Face/MI_Body_01.uasset" 55
"../../../Project/Content/ChibiHeroFemalePack/Textures/T_Face_06_color.uasset" 56
"../../../Project/Content/ChibiHeroFemalePack/Textures/T_Face_06_Roughness.uasset" 57
"../../../Project/Content/ChibiHeroFemalePack/Materials/Instance/Body_Face/MI_Face_06.uasset" 58
"../../../Project/Content/ChibiHeroFemalePack/Meshes/Character/F_Hero_PhysicsAsset.uasset" 59
"../../../Project/Content/ChibiHeroFemalePack/Meshes/Character/F_Hero_SkelMesh.uasset" 60
"../../../Project/Content/ChibiHeroFemalePack/Textures/T_Sword_01_Color.uasset" 61
"../../../Project/Content/ChibiHeroFemalePack/Textures/T_Sword_01_Metallic.uasset" 62
"../../../Project/Content/ChibiHeroFemalePack/Textures/T_Sword_01_Normal.uasset" 63
"../../../Project/Content/ChibiHeroFemalePack/Textures/T_Sword_01_Roughness.uasset" 64
"../../../Project/Content/ChibiHeroFemalePack/Materials/Instance/Weapons/MI_Sword_01.uasset" 65
"../../../Project/Content/ChibiHeroFemalePack/Meshes/Skeletons/Sword_01_Skeleton.uasset" 66
"../../../Project/Content/ChibiHeroFemalePack/Meshes/Weapons/Swords/Sword_01_SkelMesh.uasset" 67
"../../../Project/Content/ChibiHeroFemalePack/Textures/T_war_chest_boots_Color.uasset" 68
"../../../Project/Content/ChibiHeroFemalePack/Textures/T_war_chest_boots_Metallic.uasset" 69
"../../../Project/Content/ChibiHeroFemalePack/Textures/T_war_chest_boots_Normal.uasset" 70
"../../../Project/Content/ChibiHeroFemalePack/Textures/T_war_chest_boots_Roughness.uasset" 71
"../../../Project/Content/ChibiHeroFemalePack/Materials/Instance/Armors/MI_Chest_Armor_B_01.uasset" 72
"../../../Project/Content/ChibiHeroFemalePack/Meshes/Body_Armor/Chest_Armor_B_01_SkelMesh.uasset" 73
"../../../Project/Content/ChibiHeroFemalePack/Textures/T_war_Calz_Color.uasset" 74
"../../../Project/Content/ChibiHeroFemalePack/Textures/T_war_Calz_Metallic.uasset" 75
"../../../Project/Content/ChibiHeroFemalePack/Textures/T_war_Calz_Normal.uasset" 76
"../../../Project/Content/ChibiHeroFemalePack/Textures/T_war_Calz_Roughness.uasset" 77
"../../../Project/Content/ChibiHeroFemalePack/Materials/Instance/Armors/MI_Shorts_D.uasset" 78
"../../../Project/Content/ChibiHeroFemalePack/Meshes/Legs_Armor/Shorts_D_SkelMesh.uasset" 79
"../../../Project/Content/ChibiHeroFemalePack/Textures/T_CM_skirt_color.uasset" 80
"../../../Project/Content/ChibiHeroFemalePack/Textures/T_CM_skirt_nm.uasset" 81
"../../../Project/Content/ChibiHeroFemalePack/Textures/T_CM_skirt_Roughness.uasset" 82
"../../../Project/Content/ChibiHeroFemalePack/Textures/T_metallic_100.uasset" 83
"../../../Project/Content/ChibiHeroFemalePack/Materials/Instance/Armors/MI_Skirt_A1.uasset" 84
"../../../Project/Content/ChibiHeroFemalePack/Textures/T_skirt1_Color.uasset" 85
"../../../Project/Content/ChibiHeroFemalePack/Textures/T_skirt1_metallic.uasset" 86
"../../../Project/Content/ChibiHeroFemalePack/Textures/T_skirt1_NM.uasset" 87
"../../../Project/Content/ChibiHeroFemalePack/Textures/T_skirt1_OP.uasset" 88
"../../../Project/Content/ChibiHeroFemalePack/Textures/T_skirt1_Roughness.uasset" 89
"../../../Project/Content/ChibiHeroFemalePack/Materials/Instance/Armors/MI_Skirt_A2.uasset" 90
"../../../Project/Content/ChibiHeroFemalePack/Meshes/Legs_Armor/Skirt_A1_SkelMesh.uasset" 91
"../../../Project/Content/ChibiHeroFemalePack/Materials/M_Hair_Master.uasset" 92
"../../../Project/Content/ChibiHeroFemalePack/Textures/T_Hair_priest_Color.uasset" 93
"../../../Project/Content/ChibiHeroFemalePack/Textures/T_Hair_priest_mask.uasset" 94
"../../../Project/Content/ChibiHeroFemalePack/Textures/T_Hair_priest_Metallic.uasset" 95
"../../../Project/Content/ChibiHeroFemalePack/Textures/T_Hair_priest_NM.uasset" 96
"../../../Project/Content/ChibiHeroFemalePack/Textures/T_Hair_priest_Roughness.uasset" 97
"../../../Project/Content/ChibiHeroFemalePack/Materials/Instance/Hairs/MI_Hair_05.uasset" 98
"../../../Project/Content/ChibiHeroFemalePack/Meshes/Hairs/Hair_05_SkelMesh.uasset" 99
"../../../Project/Content/ChibiHeroFemalePack/Textures/T_Dark_knight_shoulder_side_Color.uasset" 100
"../../../Project/Content/ChibiHeroFemalePack/Textures/T_Pal_Shoulders_NM.uasset" 101
"../../../Project/Content/ChibiHeroFemalePack/Textures/T_Pal_Shoulders_side_Metallic.uasset" 102
"../../../Project/Content/ChibiHeroFemalePack/Textures/T_Pal_Shoulders_side_Roughness.uasset" 103
"../../../Project/Content/ChibiHeroFemalePack/Materials/Instance/Armors/MI_ShoulderL_A_01.uasset" 104
"../../../Project/Content/ChibiHeroFemalePack/Meshes/Shoulder_Armor/Shoulder_A_01_Left_SkelMesh.uasset" 105
"../../../Project/Content/ChibiHeroFemalePack/Meshes/Character/F_Hero_Skeleton.uasset" 106
"../../../Project/Content/ChibiHeroFemalePack/Animation/Standard_Anim.uasset" 107
"../../../Project/Content/ChibiHeroFemalePack/Meshes/Character/Retargeted_48_Mannequin.uasset" 108
"../../../Project/Content/ChibiHeroFemalePack/Animation/CharacterAni.uasset" 109
"../../../Project/Content/ChibiHeroFemalePack/Animation/Character_ABP.uasset" 110
"../../../Project/Content/ChibiHeroFemalePack/Animation/RightArmAttack_Anim.uasset" 111
"../../../Project/Content/ChibiHeroFemalePack/Animation/RightArmAttack_Anim_Montage.uasset" 112
"../../../Project/Content/Bluprint/Projctile_3.uasset" 113
"../../../Project/Content/Bluprint/Projectile_2.uasset" 114
"../../../Project/Content/ChibiHeroFemalePack/Textures/T_Dark_knight_armo_col.uasset" 115
"../../../Project/Content/ChibiHeroFemalePack/Textures/T_Dark_knight_Armor_Roughness.uasset" 116
"../../../Project/Content/ChibiHeroFemalePack/Textures/T_Dark_knight_metallic.uasset" 117
"../../../Project/Content/ChibiHeroFemalePack/Textures/T_Pal_Armor_calz_NM.uasset" 118
"../../../Project/Content/ChibiHeroFemalePack/Materials/Instance/Armors/MI_Chest_Armor_A_01.uasset" 119
"../../../Project/Content/ChibiHeroFemalePack/Meshes/Body_Armor/Chest_Armor_A_01_SkelMesh.uasset" 120
"../../../Engine/Content/Functions/Engine_MaterialFunctions01/Gradient/LinearGradient.uasset" 121
"../../../Engine/Content/Functions/Engine_MaterialFunctions01/Gradient/DiamondGradient.uasset" 122
"../../../Project/Content/ChibiHeroFemalePack/Textures/T_Hair_pal_color.uasset" 123
"../../../Project/Content/ChibiHeroFemalePack/Textures/T_Hair_pal_NM.uasset" 124
"../../../Project/Content/ChibiHeroFemalePack/Materials/M_Hair_Master_2.uasset" 125
"../../../Project/Content/ChibiHeroFemalePack/Textures/T_Hunter_hair_color.uasset" 126
"../../../Project/Content/ChibiHeroFemalePack/Textures/T_Hunter_hairNM.uasset" 127
"../../../Project/Content/ChibiHeroFemalePack/Materials/Instance/Hairs/MI_Hair_01.uasset" 128
"../../../Project/Content/ChibiHeroFemalePack/Meshes/Hairs/Hair_01_SkelMesh.uasset" 129
"../../../Project/Content/ChibiHeroFemalePack/Textures/T_Dark_knight_Head_gloves_BaseColor.uasset" 130
"../../../Project/Content/ChibiHeroFemalePack/Textures/T_Dark_knight_Head_gloves_Metallic.uasset" 131
"../../../Project/Content/ChibiHeroFemalePack/Textures/T_Dark_knight_head_gloves_NM.uasset" 132
"../../../Project/Content/ChibiHeroFemalePack/Textures/T_Dark_knight_Head_gloves_Roughness.uasset" 133
"../../../Project/Content/ChibiHeroFemalePack/Materials/Instance/Armors/MI_Helmet_A_01.uasset" 134
"../../../Project/Content/ChibiHeroFemalePack/Meshes/Head_Armor/Helmet_A_01_SkelMesh.uasset" 135
"../../../Project/Content/ChibiHeroFemalePack/Textures/T_calz_priest01_Color.uasset" 136
"../../../Project/Content/ChibiHeroFemalePack/Textures/T_calz_priest01_Metallic.uasset" 137
"../../../Project/Content/ChibiHeroFemalePack/Textures/T_calz_priest01_Normal.uasset" 138
"../../../Project/Content/ChibiHeroFemalePack/Textures/T_calz_priest01_Roughness.uasset" 139
"../../../Project/Content/ChibiHeroFemalePack/Materials/Instance/Armors/MI_shorts_A.uasset" 140
"../../../Project/Content/ChibiHeroFemalePack/Meshes/Legs_Armor/Shorts_A_SkelMesh.uasset" 141
"../../../Project/Content/ChibiHeroFemalePack/Materials/Instance/Armors/MI_ShoulderR_A_01.uasset" 142
"../../../Project/Content/ChibiHeroFemalePack/Meshes/Shoulder_Armor/Shoulder_A_01_Right_SkelMesh.uasset" 143
"../../../Project/Content/MyParticleSystem/Textures/T_Burst_M.uasset" 144
"../../../Project/Content/MyParticleSystem/Materials/M_Burst.uasset" 145
"../../../Project/Content/MyParticleSystem/Textures/T_Explosion_SubUV.uasset" 146
"../../../Project/Content/MyParticleSystem/Materials/M_explosion_subUV.uasset" 147
"../../../Project/Content/MyParticleSystem/Materials/m_flare_01.uasset" 148
"../../../Engine/Content/Functions/Engine_MaterialFunctions01/Gradient/RadialGradient.uasset" 149
"../../../Project/Content/MyParticleSystem/Materials/M_radial_ramp.uasset" 150
"../../../Project/Content/MyParticleSystem/Textures/T_Smoke_SubUV.uasset" 151
"../../../Project/Content/MyParticleSystem/Textures/T_Smoke_Tiled_D.uasset" 152
"../../../Project/Content/MyParticleSystem/Materials/M_smoke_subUV.uasset" 153
"../../../Project/Content/MyParticleSystem/P_Explosion.uasset" 154
"../../../Project/Content/ChibiHeroFemalePack/Blueprints/Charactor.uasset" 155
"../../../Project/Content/ChibiHeroFemalePack/Blueprints/CustomGameMode.uasset" 156
"../../../Project/Content/GTFreeMaterials/Textures/Ground_GrassThickGreen/Ground_GrassThickGreen_2k_alb.uasset" 157
"../../../Project/Content/GTFreeMaterials/Textures/Ground_GrassThickGreen/Ground_GrassThickGreen_2k_g.uasset" 158
"../../../Project/Content/GTFreeMaterials/Textures/Ground_GrassThickGreen/Ground_GrassThickGreen_2k_h1.uasset" 159
"../../../Project/Content/GTFreeMaterials/Textures/Ground_GrassThickGreen/Ground_GrassThickGreen_2k_n.uasset" 160
"../../../Project/Content/GTFreeMaterials/Textures/T_MacroVariation2.uasset" 161
"../../../Project/Content/GTFreeMaterials/Materials/Ground_GrassThickGreen.uasset" 162
"../../../Engine/Content/EngineMaterials/DefaultPhysicalMaterial.uasset" 163
"../../../Project/Content/HandPaintedEnvironment/Assets/Landscape/Foliage/Grass_1_texture.uasset" 164
"../../../Project/Content/HandPaintedEnvironment/Assets/Landscape/Foliage/Grass_1_mat.uasset" 165
"../../../Project/Content/HandPaintedEnvironment/Assets/Landscape/Foliage/Grass_1.uasset" 166
"../../../Project/Content/HandPaintedEnvironment/Assets/Landscape/Foliage/Grass_2_texture.uasset" 167
"../../../Project/Content/HandPaintedEnvironment/Assets/Landscape/Foliage/Grass_2_mat.uasset" 168
"../../../Project/Content/HandPaintedEnvironment/Assets/Landscape/Foliage/Grass_2.uasset" 169
"../../../Project/Content/HandPaintedEnvironment/Assets/Landscape/Foliage/Grass_3_texture.uasset" 170
"../../../Project/Content/HandPaintedEnvironment/Assets/Landscape/Foliage/Grass_3_mat.uasset" 171
"../../../Project/Content/HandPaintedEnvironment/Assets/Landscape/Foliage/Grass_3.uasset" 172
"../../../Project/Content/HandPaintedEnvironment/Assets/Textures/Lampposts_normal.uasset" 173
"../../../Project/Content/HandPaintedEnvironment/Assets/Textures/Lampposts_texture.uasset" 174
"../../../Project/Content/HandPaintedEnvironment/Assets/Materials/Lampposts.uasset" 175
"../../../Project/Content/HandPaintedEnvironment/Assets/Models/Altar.uasset" 176
"../../../Project/Content/HandPaintedEnvironment/Assets/Textures/Awning_normal.uasset" 177
"../../../Project/Content/HandPaintedEnvironment/Assets/Textures/Awning_texture.uasset" 178
"../../../Project/Content/HandPaintedEnvironment/Assets/Materials/Awning.uasset" 179
"../../../Project/Content/HandPaintedEnvironment/Assets/Models/Awning.uasset" 180
"../../../Project/Content/HandPaintedEnvironment/Assets/Textures/Barrel_normal.uasset" 181
"../../../Project/Content/HandPaintedEnvironment/Assets/Textures/Barrel_texture.uasset" 182
"../../../Project/Content/HandPaintedEnvironment/Assets/Materials/Barrel.uasset" 183
"../../../Project/Content/HandPaintedEnvironment/Assets/Models/Barrel.uasset" 184
"../../../Project/Content/HandPaintedEnvironment/Assets/Textures/Boxes_normal.uasset" 185
"../../../Project/Content/HandPaintedEnvironment/Assets/Textures/Boxes_texture.uasset" 186
"../../../Project/Content/HandPaintedEnvironment/Assets/Materials/Boxes.uasset" 187
"../../../Project/Content/HandPaintedEnvironment/Assets/Models/Box_1.uasset" 188
"../../../Project/Content/HandPaintedEnvironment/Assets/Models/Box_2.uasset" 189
"../../../Project/Content/HandPaintedEnvironment/Assets/Models/Box_3.uasset" 190
"../../../Project/Content/HandPaintedEnvironment/Assets/Textures/Cauldron_normal.uasset" 191
"../../../Project/Content/HandPaintedEnvironment/Assets/Textures/Cauldron_texture.uasset" 192
"../../../Project/Content/HandPaintedEnvironment/Assets/Materials/Cualdron.uasset" 193
"../../../Project/Content/HandPaintedEnvironment/Assets/Models/Cauldron.uasset" 194
"../../../Project/Content/HandPaintedEnvironment/Assets/Textures/Chest_normal.uasset" 195
"../../../Project/Content/HandPaintedEnvironment/Assets/Textures/Chest_texture.uasset" 196
"../../../Project/Content/HandPaintedEnvironment/Assets/Materials/Chest.uasset" 197
"../../../Project/Content/HandPaintedEnvironment/Assets/Models/Chest.uasset" 198
"../../../Project/Content/HandPaintedEnvironment/Assets/Textures/Crystals_texture.uasset" 199
"../../../Project/Content/HandPaintedEnvironment/Assets/Materials/Crystals.uasset" 200
"../../../Project/Content/HandPaintedEnvironment/Assets/Models/Crystal_1.uasset" 201
"../../../Project/Content/HandPaintedEnvironment/Assets/Models/Crystal_2.uasset" 202
"../../../Project/Content/HandPaintedEnvironment/Assets/Models/Crystal_3.uasset" 203
"../../../Project/Content/HandPaintedEnvironment/Assets/Models/Crystal_4.uasset" 204
"../../../Project/Content/HandPaintedEnvironment/Assets/Models/Crystal_5.uasset" 205
"../../../Engine/Content/Functions/Engine_MaterialFunctions02/Texturing/ScreenAlignedUVs.uasset" 206
"../../../Project/Content/HandPaintedEnvironment/Assets/Textures/Fire.uasset" 207
"../../../Project/Content/HandPaintedEnvironment/Assets/Textures/noise_texture.uasset" 208
"../../../Project/Content/HandPaintedEnvironment/Assets/Materials/Fire.uasset" 209
"../../../Project/Content/HandPaintedEnvironment/Assets/Models/Fire.uasset" 210
"../../../Project/Content/HandPaintedEnvironment/Assets/Textures/Plants_alpha.uasset" 211
"../../../Project/Content/HandPaintedEnvironment/Assets/Textures/Plants_normal.uasset" 212
"../../../Project/Content/HandPaintedEnvironment/Assets/Textures/Plants_texture.uasset" 213
"../../../Project/Content/HandPaintedEnvironment/Assets/Materials/Plants.uasset" 214
"../../../Project/Content/HandPaintedEnvironment/Assets/Models/Leaves_1.uasset" 215
"../../../Project/Content/HandPaintedEnvironment/Assets/Models/Leaves_2.uasset" 216
"../../../Project/Content/HandPaintedEnvironment/Assets/Models/Leaves_3.uasset" 217
"../../../Project/Content/HandPaintedEnvironment/Assets/Textures/Log_stump_mushrooms_normal.uasset" 218
"../../../Project/Content/HandPaintedEnvironment/Assets/Textures/Log_stump_mushrooms_texture.uasset" 219
"../../../Project/Content/HandPaintedEnvironment/Assets/Materials/Log_stump_mushrooms.uasset" 220
"../../../Project/Content/HandPaintedEnvironment/Assets/Models/Log.uasset" 221
"../../../Project/Content/HandPaintedEnvironment/Assets/Textures/Logs_normal.uasset" 222
"../../../Project/Content/HandPaintedEnvironment/Assets/Textures/Logs_texture.uasset" 223
"../../../Project/Content/HandPaintedEnvironment/Assets/Materials/Logs.uasset" 224
"../../../Project/Content/HandPaintedEnvironment/Assets/Models/Log_1.uasset" 225
"../../../Project/Content/HandPaintedEnvironment/Assets/Models/Log_3.uasset" 226
"../../../Project/Content/HandPaintedEnvironment/Assets/Textures/Mill_normal.uasset" 227
"../../../Project/Content/HandPaintedEnvironment/Assets/Textures/Mill_texture.uasset" 228
"../../../Project/Content/HandPaintedEnvironment/Assets/Materials/Mill.uasset" 229
"../../../Project/Content/HandPaintedEnvironment/Assets/Models/Mill.uasset" 230
"../../../Project/Content/HandPaintedEnvironment/Assets/Models/Mill_wings.uasset" 231
"../../../Project/Content/HandPaintedEnvironment/Assets/Textures/Mine_normal.uasset" 232
"../../../Project/Content/HandPaintedEnvironment/Assets/Textures/Mine_texture.uasset" 233
"../../../Project/Content/HandPaintedEnvironment/Assets/Materials/Mine.uasset" 234
"../../../Project/Content/HandPaintedEnvironment/Assets/Models/Mine.uasset" 235
"../../../Project/Content/HandPaintedEnvironment/Assets/Models/Mushroom_1.uasset" 236
"../../../Project/Content/HandPaintedEnvironment/Assets/Models/Mushroom_2.uasset" 237
"../../../Project/Content/HandPaintedEnvironment/Assets/Models/Mushroom_3.uasset" 238
"../../../Project/Content/HandPaintedEnvironment/Assets/Models/Mushroom_4.uasset" 239
"../../../Project/Content/HandPaintedEnvironment/Assets/Textures/Pillars_arch_normal.uasset" 240
"../../../Project/Content/HandPaintedEnvironment/Assets/Textures/Pillars_arch_texture.uasset" 241
"../../../Project/Content/HandPaintedEnvironment/Assets/Materials/Pillars_arch.uasset" 242
"../../../Project/Content/HandPaintedEnvironment/Assets/Models/Pillar.uasset" 243
"../../../Project/Content/HandPaintedEnvironment/Assets/Textures/Pine_tree_alpha.uasset" 244
"../../../Project/Content/HandPaintedEnvironment/Assets/Textures/Pine_tree_normal.uasset" 245
"../../../Project/Content/HandPaintedEnvironment/Assets/Textures/Pine_tree_texture.uasset" 246
"../../../Project/Content/HandPaintedEnvironment/Assets/Materials/Pine_tree.uasset" 247
"../../../Project/Content/HandPaintedEnvironment/Assets/Models/Pine_tree.uasset" 248
"../../../Project/Content/HandPaintedEnvironment/Assets/Textures/Pine_tree_2_texture.uasset" 249
"../../../Project/Content/HandPaintedEnvironment/Assets/Materials/Pine_tree_2.uasset" 250
"../../../Project/Content/HandPaintedEnvironment/Assets/Models/Pine_tree_2.uasset" 251
"../../../Project/Content/HandPaintedEnvironment/Assets/Textures/Rocks_3_4_normal.uasset" 252
"../../../Project/Content/HandPaintedEnvironment/Assets/Textures/Rocks_3_4_texture.uasset" 253
"../../../Project/Content/HandPaintedEnvironment/Assets/Materials/Rocks_3_4.uasset" 254
"../../../Project/Content/HandPaintedEnvironment/Assets/Models/Rock_3.uasset" 255
"../../../Project/Content/HandPaintedEnvironment/Assets/Models/Rock_4.uasset" 256
"../../../Project/Content/HandPaintedEnvironment/Assets/Textures/Small_house_normal.uasset" 257
"../../../Project/Content/HandPaintedEnvironment/Assets/Textures/Small_house_texture.uasset" 258
"../../../Project/Content/HandPaintedEnvironment/Assets/Materials/Small_house.uasset" 259
"../../../Project/Content/HandPaintedEnvironment/Assets/Models/Small_house.uasset" 260
"../../../Project/Content/HandPaintedEnvironment/Assets/Textures/Smoke.uasset" 261
"../../../Project/Content/HandPaintedEnvironment/Assets/Materials/Smoke.uasset" 262
"../../../Project/Content/HandPaintedEnvironment/Assets/Models/Smoke.uasset" 263
"../../../Project/Content/HandPaintedEnvironment/Assets/Textures/Stone_fence_normal.uasset" 264
"../../../Project/Content/HandPaintedEnvironment/Assets/Textures/Stone_fence_texture.uasset" 265
"../../../Project/Content/HandPaintedEnvironment/Assets/Materials/Stone_fence.uasset" 266
"../../../Project/Content/HandPaintedEnvironment/Assets/Models/Stone_fence.uasset" 267
"../../../Project/Content/HandPaintedEnvironment/Assets/Textures/Street_light_texture.uasset" 268
"../../../Project/Content/HandPaintedEnvironment/Assets/Textures/Streetlight_normal.uasset" 269
"../../../Project/Content/HandPaintedEnvironment/Assets/Materials/Streetlight.uasset" 270
"../../../Project/Content/HandPaintedEnvironment/Assets/Models/street_light.uasset" 271
"../../../Project/Content/HandPaintedEnvironment/Assets/Models/Stump.uasset" 272
"../../../Project/Content/HandPaintedEnvironment/Assets/Textures/Tavern_normal.uasset" 273
"../../../Project/Content/HandPaintedEnvironment/Assets/Textures/Tavern_texture.uasset" 274
"../../../Project/Content/HandPaintedEnvironment/Assets/Materials/Tavern.uasset" 275
"../../../Project/Content/HandPaintedEnvironment/Assets/Models/Tavern.uasset" 276
"../../../Project/Content/HandPaintedEnvironment/Assets/Textures/Stone_tiles_normal.uasset" 277
"../../../Project/Content/HandPaintedEnvironment/Assets/Textures/Stone_tiles_texture.uasset" 278
"../../../Project/Content/HandPaintedEnvironment/Assets/Materials/Tiles.uasset" 279
"../../../Project/Content/HandPaintedEnvironment/Assets/Models/Tile_1.uasset" 280
"../../../Project/Content/HandPaintedEnvironment/Assets/Models/Tile_2.uasset" 281
"../../../Project/Content/HandPaintedEnvironment/Assets/Models/Tile_3.uasset" 282
"../../../Project/Content/HandPaintedEnvironment/Assets/Models/Tile_4.uasset" 283
"../../../Project/Content/HandPaintedEnvironment/Assets/Models/Tile_5.uasset" 284
"../../../Project/Content/HandPaintedEnvironment/Assets/Models/Tile_6.uasset" 285
"../../../Project/Content/HandPaintedEnvironment/Assets/Models/Tile_7.uasset" 286
"../../../Project/Content/HandPaintedEnvironment/Assets/Textures/Ruined_tower_normal.uasset" 287
"../../../Project/Content/HandPaintedEnvironment/Assets/Textures/Ruined_tower_texture.uasset" 288
"../../../Project/Content/HandPaintedEnvironment/Assets/Materials/Ruined_tower.uasset" 289
"../../../Project/Content/HandPaintedEnvironment/Assets/Models/Tower.uasset" 290
"../../../Project/Content/HandPaintedEnvironment/Assets/Textures/Tree_1_1_texture.uasset" 291
"../../../Project/Content/HandPaintedEnvironment/Assets/Textures/Tree_1_alpha.uasset" 292
"../../../Project/Content/HandPaintedEnvironment/Assets/Textures/Tree_1_normal.uasset" 293
"../../../Project/Content/HandPaintedEnvironment/Assets/Materials/Tree_1_1.uasset" 294
"../../../Project/Content/HandPaintedEnvironment/Assets/Models/Tree_1.uasset" 295
"../../../Project/Content/HandPaintedEnvironment/Assets/Textures/Tree_2_1_texture.uasset" 296
"../../../Project/Content/HandPaintedEnvironment/Assets/Textures/Tree_2_alpha.uasset" 297
"../../../Project/Content/HandPaintedEnvironment/Assets/Textures/Tree_2_normal.uasset" 298
"../../../Project/Content/HandPaintedEnvironment/Assets/Materials/Tree_2_1.uasset" 299
"../../../Project/Content/HandPaintedEnvironment/Assets/Models/Tree_2.uasset" 300
"../../../Project/Content/HandPaintedEnvironment/Assets/Textures/Tree_2_2_texture.uasset" 301
"../../../Project/Content/HandPaintedEnvironment/Assets/Materials/Tree_2_2.uasset" 302
"../../../Project/Content/HandPaintedEnvironment/Assets/Models/Tree_2_1.uasset" 303
"../../../Project/Content/HandPaintedEnvironment/Assets/Textures/Tree_1_2_texture.uasset" 304
"../../../Project/Content/HandPaintedEnvironment/Assets/Materials/Tree_1_2.uasset" 305
"../../../Project/Content/HandPaintedEnvironment/Assets/Models/Tree_4.uasset" 306
"../../../Project/Content/HandPaintedEnvironment/Assets/Textures/Trolley_normal.uasset" 307
"../../../Project/Content/HandPaintedEnvironment/Assets/Textures/Trolley_texture.uasset" 308
"../../../Project/Content/HandPaintedEnvironment/Assets/Materials/Trolley.uasset" 309
"../../../Project/Content/HandPaintedEnvironment/Assets/Models/Trolley.uasset" 310
"../../../Project/Content/HandPaintedEnvironment/Assets/Textures/Ruined_walls_normal.uasset" 311
"../../../Project/Content/HandPaintedEnvironment/Assets/Textures/Ruined_walls_texture.uasset" 312
"../../../Project/Content/HandPaintedEnvironment/Assets/Materials/Ruined_walls.uasset" 313
"../../../Project/Content/HandPaintedEnvironment/Assets/Models/Wall_1.uasset" 314
"../../../Project/Content/HandPaintedEnvironment/Assets/Models/Wall_2.uasset" 315
"../../../Project/Content/HandPaintedEnvironment/Assets/Textures/Well_normal.uasset" 316
"../../../Project/Content/HandPaintedEnvironment/Assets/Textures/Well_texture.uasset" 317
"../../../Project/Content/HandPaintedEnvironment/Assets/Materials/Well.uasset" 318
"../../../Project/Content/HandPaintedEnvironment/Assets/Models/Well.uasset" 319
"../../../Project/Content/HandPaintedEnvironment/Assets/Textures/Witch_house_normal.uasset" 320
"../../../Project/Content/HandPaintedEnvironment/Assets/Textures/Witch_house_texture.uasset" 321
"../../../Project/Content/HandPaintedEnvironment/Assets/Materials/Witch_house.uasset" 322
"../../../Project/Content/HandPaintedEnvironment/Assets/Models/Witch_house.uasset" 323
"../../../Project/Content/HandPaintedEnvironment/Assets/Textures/Woodmill.uasset" 324
"../../../Project/Content/HandPaintedEnvironment/Assets/Textures/Woodmill_normal.uasset" 325
"../../../Project/Content/HandPaintedEnvironment/Assets/Materials/Woodmill.uasset" 326
"../../../Project/Content/HandPaintedEnvironment/Assets/Models/Woodmill.uasset" 327
"../../../Project/Content/Maps/NewMap.umap" 328
"../../../Engine/Content/EngineMaterials/DefaultDiffuse.uasset" 329
"../../../Engine/Content/EngineMaterials/DefaultNormal.uasset" 330
"../../../Engine/Content/Maps/Entry.umap" 331
"../../../Engine/Content/EngineFonts/Roboto.uasset" 332
"../../../Engine/Content/Functions/Engine_MaterialFunctions01/Shading/PowerToRoughness.uasset" 333
"../../../Engine/Content/Functions/Engine_MaterialFunctions01/Shading/ConvertFromDiffSpec.uasset" 334
"../../../Engine/Content/EngineMaterials/DefaultDeferredDecalMaterial.uasset" 335
"../../../Engine/Content/EngineMaterials/DefaultLightFunctionMaterial.uasset" 336
"../../../Engine/Content/Functions/Engine_MaterialFunctions02/Utility/BreakOutFloat2Components.uasset" 337
"../../../Engine/Content/EngineMaterials/DefaultPostProcessMaterial.uasset" 338
"../../../Engine/Content/EngineResources/DefaultTexture.uasset" 339
"../../../Engine/Content/EngineResources/WhiteSquareTexture.uasset" 340
"../../../Engine/Content/EngineMaterials/Widget3DPassThrough.uasset" 341
"../../../Engine/Content/EngineMaterials/Widget3DPassThrough_Translucent.uasset" 342
"../../../Engine/Content/EngineMaterials/Widget3DPassThrough_Translucent_OneSided.uasset" 343
"../../../Engine/Content/EngineMaterials/Widget3DPassThrough_Opaque.uasset" 344
"../../../Engine/Content/EngineMaterials/Widget3DPassThrough_Opaque_OneSided.uasset" 345
"../../../Engine/Content/EngineMaterials/Widget3DPassThrough_Masked.uasset" 346
"../../../Engine/Content/EngineMaterials/Widget3DPassThrough_Masked_OneSided.uasset" 347
"../../../Engine/Content/EditorResources/S_Actor.uasset" 348
"../../../Engine/Content/Maps/Templates/Thumbnails/Default.uasset" 349
"../../../Engine/Content/EditorMaterials/ParticleSystems/PSysThumbnail_NoImage.uasset" 350
"../../../Engine/Content/EditorMaterials/ParticleSystems/PSysThumbnail_OOD.uasset" 351
"../../../Engine/Content/EditorLandscapeResources/DataLayer.uasset" 352
"../../../Engine/Content/EngineDamageTypes/DmgTypeBP_Environmental.uasset" 353
"../../../Engine/Content/EngineMeshes/Sphere.uasset" 354
"../../../Engine/Content/EngineFonts/RobotoDistanceField.uasset" 355
"../../../Engine/Content/EngineMaterials/DefaultTextMaterialOpaque.uasset" 356
"../../../Engine/Content/EditorResources/S_Trigger.uasset" 357
"../../../Engine/Content/EngineResources/GradientTexture0.uasset" 358
"../../../Engine/Content/EngineResources/Black.uasset" 359
"../../../Engine/Content/EditorMaterials/MatineeGroups/MAT_Groups_Float.uasset" 360
"../../../Engine/Content/EditorMaterials/MatineeGroups/MAT_Groups_Director.uasset" 361
"../../../Engine/Content/EditorMaterials/MatineeGroups/MAT_Groups_Event.uasset" 362
"../../../Engine/Content/EditorMaterials/MatineeGroups/MAT_Groups_Anim.uasset" 363
"../../../Engine/Content/EditorMaterials/MatineeGroups/MAT_Groups_Fade.uasset" 364
"../../../Engine/Content/EditorMaterials/MatineeGroups/MAT_Groups_Move.uasset" 365
"../../../Engine/Content/EditorMaterials/MatineeGroups/MAT_Groups_Slomo.uasset" 366
"../../../Engine/Content/EditorMaterials/MatineeGroups/MAT_ColorTrack.uasset" 367
"../../../Engine/Content/EditorMaterials/MAT_Groups_Toggle.uasset" 368
"../../../Engine/Content/EditorMaterials/MatineeGroups/MAT_Groups_AudioMaster.uasset" 369
"../../../Engine/Content/EditorMaterials/MatineeGroups/MAT_Groups_Sound.uasset" 370
"../../../Engine/Content/EditorMaterials/MatineeGroups/MAT_Groups_Vector.uasset" 371
"../../../Engine/Content/EditorMaterials/MAT_Groups_Visibility.uasset" 372
"../../../Engine/Content/EngineResources/DefaultTextureCube.uasset" 373
"../../../Engine/Content/EngineMeshes/Cylinder.uasset" 374
"../../../Engine/Content/EngineTireTypes/DefaultTireType.uasset" 375
"../../../Engine/Content/EngineResources/AICON-Red.uasset" 376
"../../../Engine/Content/EngineResources/AICON-Green.uasset" 377
"../../../Engine/Content/Tutorial/Basics/LevelEditorAttract.uasset" 378
"../../../Engine/Content/Tutorial/ContentIntroCurve.uasset" 379
"../../../Engine/Plugins/2D/Paper2D/Content/PlaceholderTextures/DummySpriteTexture.uasset" 380
"../../../Engine/Plugins/2D/Paper2D/Content/DefaultSpriteMaterial.uasset" 381
"../../../Engine/Plugins/2D/Paper2D/Content/MaskedUnlitSpriteMaterial.uasset" 382
"../../../Engine/Plugins/2D/Paper2D/Content/OpaqueUnlitSpriteMaterial.uasset" 383
"../../../Engine/Plugins/2D/Paper2D/Content/DummySpriteTexture.uasset" 384
"../../../Engine/Plugins/2D/Paper2D/Content/DummySprite.uasset" 385
"../../../Engine/Plugins/2D/Paper2D/Content/DefaultPaperTerrainMaterial.uasset" 386
"../../../Engine/Plugins/Runtime/LeapMotionController/Content/LM_CapsuleMesh.uasset" 387
"../../../Engine/Plugins/Runtime/LeapMotionController/Content/LM_TorusMesh.uasset" 388
"../../../Engine/Plugins/Runtime/LeapMotionController/Content/LM_HandColor.uasset" 389
"../../../Engine/Plugins/Runtime/LeapMotionController/Content/LM_SampleDistortion.uasset" 390
"../../../Engine/Plugins/Runtime/LeapMotionController/Content/LM_TestTexture.uasset" 391
"../../../Engine/Plugins/Runtime/LeapMotionController/Content/LM_PassthroughMaterial.uasset" 392
"../../../Engine/Content/EngineMaterials/RemoveSurfaceMaterial.uasset" 393
"../../../Engine/Content/EngineDebugMaterials/DebugMeshMaterial.uasset" 394
"../../../Engine/Content/EngineMaterials/InvalidLightmapSettings.uasset" 395
"../../../Engine/Content/EngineMaterials/M_InvalidLightmapSettings.uasset" 396
"../../../Engine/Content/EditorMaterials/GizmoMaterial.uasset" 397
"../../../Engine/Content/EngineMaterials/Good64x64TilingNoiseHighFreq.uasset" 398
"../../../Engine/Content/EngineMaterials/DefaultBokeh.uasset" 399
"../../../Engine/Content/EngineMaterials/PreintegratedSkinBRDF.uasset" 400
"../../../Engine/Content/EngineMaterials/MiniFont.uasset" 401
"../../../Engine/Content/EngineMaterials/WeightMapPlaceholderTexture.uasset" 402
"../../../Engine/Content/EngineMaterials/DefaultWhiteGrid.uasset" 403
"../../../Engine/Content/EngineFonts/RobotoTiny.uasset" 404
"../../../Engine/Content/MobileResources/HUD/MobileHUDButton1_on.uasset" 405
"../../../Engine/Content/MobileResources/HUD/MobileHUDButtonFire.uasset" 406
"../../../Engine/Content/MobileResources/HUD/MobileHUDDirectionPad.uasset" 407
"../../../Engine/Content/MobileResources/HUD/MobileHUDButton2_on.uasset" 408
"../../../Engine/Content/MobileResources/T_MobileControls_texture.uasset" 409
"../../../Engine/Content/MobileResources/HUD/MobileHUDButton3.uasset" 410
"../../../Engine/Content/MobileResources/T_MobileMenu2.uasset" 411
"../../../Engine/Content/MobileResources/HUD/VirtualJoystick_Background.uasset" 412
"../../../Engine/Content/MobileResources/HUD/VirtualJoystick_Thumb.uasset" 413
"../../../Engine/Content/MobileResources/HUD/LeftVirtualJoystickOnly.uasset" 414
"../../../Engine/Content/MobileResources/HUD/T_Castle_ThumbstickInner.uasset" 415
"../../../Engine/Content/MobileResources/HUD/MobileHUDButton1_off.uasset" 416
"../../../Engine/Content/MobileResources/HUD/MobileHUDButton2_off.uasset" 417
"../../../Engine/Content/MobileResources/HUD/AnalogHat.uasset" 418
"../../../Engine/Content/MobileResources/HUD/DefaultVirtualJoysticks.uasset" 419
"../../../Engine/Content/MobileResources/HUD/MobileHUDDirectionPad2.uasset" 420
"../../../Engine/Content/MobileResources/HUD/MobileHUDDirectionPad3.uasset" 421
"../../../Engine/Content/EditorMaterials/PhAT_JointLimitMaterial.uasset" 422
"../../../Engine/Content/EditorMaterials/PreviewShadowIndicator.uasset" 423
"../../../Engine/Content/EditorMaterials/PreviewShadowIndicatorMaterial.uasset" 424
"../../../Engine/Content/EditorMeshes/ColorCalibrator/M_ChromeBall.uasset" 425
"../../../Engine/Content/EditorMeshes/ColorCalibrator/M_ClearCoat.uasset" 426
"../../../Engine/Content/EditorMeshes/ColorCalibrator/M_ClearCoatBlack.uasset" 427
"../../../Engine/Content/EditorMeshes/ColorCalibrator/T_ColorGrid.uasset" 428
"../../../Engine/Content/EditorMeshes/ColorCalibrator/M_ColorGrid.uasset" 429
"../../../Engine/Content/EditorMeshes/ColorCalibrator/M_GreyBall.uasset" 430
"../../../Engine/Content/EditorMeshes/ColorCalibrator/SM_ColorCalibrator.uasset" 431
"../../../Engine/Content/EditorResources/BSPVertex.uasset" 432
"../../../Engine/Content/EngineDebugMaterials/HeatmapGradient.uasset" 433
"../../../Engine/Content/EngineDebugMaterials/BoneWeightMaterial.uasset" 434
"../../../Engine/Content/EngineDebugMaterials/GeomMaterial.uasset" 435
"../../../Engine/Content/EngineMaterials/EditorBrushMaterial.uasset" 436
"../../../Engine/Content/MobileResources/HUD/MobileHUDDirectionStick.uasset" 437
"../../../Engine/Content/MobileResources/HUD/T_Castle_ThumbstickOutter.uasset" 438
"../../../Engine/Content/Tutorial/Basics/TutorialAssets/icon_tab_Levels_40x.uasset" 439
"../../../Engine/Content/Tutorial/Basics/LevelEditorOverview.uasset" 440
"../../../Engine/Content/Tutorial/BlueprintTutorials/TutorialAssets/Blueprint_64x.uasset" 441
"../../../Engine/Content/Tutorial/BlueprintTutorials/BlueprintEditorTutorial.uasset" 442
"../../../Engine/Content/Tutorial/BlueprintTutorials/TutorialAssets/BlueprintInterface_64x.uasset" 443
"../../../Engine/Content/Tutorial/BlueprintTutorials/TutorialAssets/Tutorial_BP_Interface.uasset" 444
"../../../Engine/Content/Tutorial/BlueprintTutorials/BlueprintInterfacesEditorOverview.uasset" 445
"../../../Engine/Content/Tutorial/BlueprintTutorials/TutorialAssets/BlueprintMacroLibrary_64x.uasset" 446
"../../../Engine/Content/Tutorial/BlueprintTutorials/TutorialAssets/Tutorial_BP_MacroLib.uasset" 447
"../../../Engine/Content/Tutorial/BlueprintTutorials/BlueprintMacroLibrariesEditorOverview.uasset" 448
"../../../Engine/Content/Tutorial/BlueprintTutorials/LevelBlueprintEditorOverview.uasset" 449
"../../../Engine/Content/Tutorial/Foliage/TutorialAssets/Foliage.uasset" 450
"../../../Engine/Content/Tutorial/Foliage/Foliage_Settings_Tutorial.uasset" 451
"../../../Engine/Content/Tutorial/Foliage/Foliage_Using_The_Tool_Tutorial.uasset" 452
"../../../Engine/Content/Tutorial/Foliage/Foliage_Intro_Tutorial.uasset" 453
"../../../Engine/Content/Tutorial/Landscape/TutorialAssets/Landscape.uasset" 454
"../../../Engine/Content/Tutorial/Landscape/Landscape_Painting_Mode.uasset" 455
"../../../Engine/Content/Tutorial/Landscape/Landscape_Sculpt_Mode.uasset" 456
"../../../Engine/Content/Tutorial/Landscape/Landscape_Manage_Mode.uasset" 457
"../../../Engine/Content/Tutorial/Paper2D/TutorialAssets/Paper2DFlipbook_TutorialIcon.uasset" 458
"../../../Engine/Content/Tutorial/Paper2D/FlipbookEditorTutorial.uasset" 459
"../../../Engine/Content/Tutorial/Paper2D/TutorialAssets/Paper2DSprite_TutorialIcon.uasset" 460
"../../../Engine/Content/Tutorial/Paper2D/SpriteEditorTutorial.uasset" 461
"../../../Engine/Content/EditorMeshes/EditorCube.uasset" 462
"../../../Engine/Content/Tutorial/SubEditors/TutorialAssets/Tutorial_DM.uasset" 463
"../../../Engine/Content/Tutorial/SubEditors/DestructibleMeshEditorTutorial.uasset" 464
"../../../Engine/Content/Tutorial/SubEditors/TutorialAssets/TutorialMaterial.uasset" 465
"../../../Engine/Content/Tutorial/SubEditors/MaterialEditorTutorial.uasset" 466
"../../../Engine/Content/Tutorial/SubEditors/TutorialAssets/T_SmokeSubUV_8X8.uasset" 467
"../../../Engine/Content/Tutorial/SubEditors/TutorialAssets/T_soft_smoke.uasset" 468
"../../../Engine/Content/Tutorial/SubEditors/TutorialAssets/M_smoke_subUV_blackbody.uasset" 469
"../../../Engine/Content/Tutorial/SubEditors/TutorialAssets/TutorialParticleSystem.uasset" 470
"../../../Engine/Content/Tutorial/SubEditors/ParticleSystemEditorTutorial.uasset" 471
"../../../Engine/Content/Tutorial/SubEditors/TutorialAssets/icon_ShowSkeletalMeshes_40x.uasset" 472
"../../../Engine/Content/Tutorial/SubEditors/TutorialAssets/Character/TutorialTPP_Mat.uasset" 473
"../../../Engine/Content/Tutorial/SubEditors/TutorialAssets/Character/TutorialTPP_PhysicsAsset.uasset" 474
"../../../Engine/Content/Tutorial/SubEditors/TutorialAssets/Character/TutorialTPP.uasset" 475
"../../../Engine/Content/Tutorial/SubEditors/TutorialAssets/Character/TutorialTPP_Skeleton.uasset" 476
"../../../Engine/Content/Tutorial/SubEditors/TutorialAssets/Character/Tutorial_Idle.uasset" 477
"../../../Engine/Content/Tutorial/SubEditors/TutorialAssets/Character/Tutorial_Walk_Fwd.uasset" 478
"../../../Engine/Content/Tutorial/SubEditors/TutorialAssets/Character/NewBlendSpace1D.uasset" 479
"../../../Engine/Content/Tutorial/SubEditors/TutorialAssets/Character/TutorialCharacter.uasset" 480
"../../../Engine/Content/Tutorial/SubEditors/TutorialAssets/Character/TutorialTPP_AnimBlueprint.uasset" 481
"../../../Engine/Content/Tutorial/SubEditors/PersonaAnimBlueprintEditorWalkthrough.uasset" 482
"../../../Engine/Content/Tutorial/SubEditors/PersonaAnimEditorWalkthrough.uasset" 483
"../../../Engine/Content/EngineMeshes/Cube.uasset" 484
"../../../Engine/Content/Tutorial/SubEditors/StaticMeshEditorTutorial.uasset" 485
"../../../Engine/Content/Tutorial/SubEditors/TutorialAssets/icon_Editor_Preferences_General_40x.uasset" 486
